TN:
SF:/Library/Developer/CommandLineTools/SDKs/MacOSX13.1.sdk/usr/include/_ctype.h
FNL:0,135,138
FNA:0,0,_Z7isasciii
FNL:1,153,161
FNA:1,0,_Z8__istypeim
FNF:2
FNH:0
DA:135,0
DA:137,0
DA:153,0
DA:158,0
DA:159,0
LF:5
LH:0
end_of_record
TN:
SF:/Users/eric/Differ/differ/build/_deps/googletest-src/googletest/include/gtest/gtest-assertion-result.h
FNL:0,174,174
FNA:0,0,_ZNK7testing15AssertionResultcvbEv
FNL:1,183,185
FNA:1,0,_ZNK7testing15AssertionResult7messageEv
FNL:2,187,187
FNA:2,0,_ZNK7testing15AssertionResult15failure_messageEv
FNF:3
FNH:0
DA:174,0
DA:183,0
DA:184,0
DA:187,0
LF:4
LH:0
end_of_record
TN:
SF:/Users/eric/Differ/differ/build/_deps/googletest-src/googletest/include/gtest/gtest-message.h
FNF:0
FNH:0
LF:0
LH:0
end_of_record
TN:
SF:/Users/eric/Differ/differ/build/_deps/googletest-src/googletest/include/gtest/gtest-printers.h
FNL:0,1002,1007
FNA:0,0,_ZN7testing8internal14UniversalPrintINSt7__cxx1112basic_stringIcSt11char_traitsIcESaIcEEEEEvRKT_PSo
FNL:1,1042,1046
FNA:1,0,_ZN7testing13PrintToStringINSt7__cxx1112basic_stringIcSt11char_traitsIcESaIcEEEEES6_RKT_
FNA:1,0,_ZN7testing13PrintToStringIPKcEENSt7__cxx1112basic_stringIcSt11char_traitsIcESaIcEEERKT_
FNL:2,332,334
FNA:2,0,_ZN7testing8internal19FormatForComparisonINSt7__cxx1112basic_stringIcSt11char_traitsIcESaIcEEEA1022_cE6FormatERKS7_
FNA:2,0,_ZN7testing8internal19FormatForComparisonINSt7__cxx1112basic_stringIcSt11char_traitsIcESaIcEEEA185_cE6FormatERKS7_
FNA:2,0,_ZN7testing8internal19FormatForComparisonINSt7__cxx1112basic_stringIcSt11char_traitsIcESaIcEEEA80_cE6FormatERKS7_
FNL:3,341,343
FNA:3,0,_ZN7testing8internal19FormatForComparisonIA1022_cNSt7__cxx1112basic_stringIcSt11char_traitsIcESaIcEEEE6FormatEPKc
FNA:3,0,_ZN7testing8internal19FormatForComparisonIA185_cNSt7__cxx1112basic_stringIcSt11char_traitsIcESaIcEEEE6FormatEPKc
FNA:3,0,_ZN7testing8internal19FormatForComparisonIA80_cNSt7__cxx1112basic_stringIcSt11char_traitsIcESaIcEEEE6FormatEPKc
FNL:4,386,386
FNA:4,0,_ZN7testing8internal19FormatForComparisonIPKcNSt7__cxx1112basic_stringIcSt11char_traitsIcESaIcEEEE6FormatES3_
FNL:5,412,415
FNA:5,0,_ZN7testing8internal33FormatForComparisonFailureMessageIA1022_cNSt7__cxx1112basic_stringIcSt11char_traitsIcESaIcEEEEES8_RKT_RKT0_
FNA:5,0,_ZN7testing8internal33FormatForComparisonFailureMessageIA185_cNSt7__cxx1112basic_stringIcSt11char_traitsIcESaIcEEEEES8_RKT_RKT0_
FNA:5,0,_ZN7testing8internal33FormatForComparisonFailureMessageIA80_cNSt7__cxx1112basic_stringIcSt11char_traitsIcESaIcEEEEES8_RKT_RKT0_
FNA:5,0,_ZN7testing8internal33FormatForComparisonFailureMessageINSt7__cxx1112basic_stringIcSt11char_traitsIcESaIcEEEA1022_cEES7_RKT_RKT0_
FNA:5,0,_ZN7testing8internal33FormatForComparisonFailureMessageINSt7__cxx1112basic_stringIcSt11char_traitsIcESaIcEEEA185_cEES7_RKT_RKT0_
FNA:5,0,_ZN7testing8internal33FormatForComparisonFailureMessageINSt7__cxx1112basic_stringIcSt11char_traitsIcESaIcEEEA80_cEES7_RKT_RKT0_
FNL:6,554,556
FNA:6,0,_ZN7testing8internal7PrintToERKNSt7__cxx1112basic_stringIcSt11char_traitsIcESaIcEEEPSo
FNL:7,693,703
FNA:7,0,_ZN7testing8internal16UniversalPrinterINSt7__cxx1112basic_stringIcSt11char_traitsIcESaIcEEEE5PrintERKS7_PSo
FNL:8,883,885
FNA:8,0,_ZN7testing8internal21UniversalTersePrinterINSt7__cxx1112basic_stringIcSt11char_traitsIcESaIcEEEE5PrintERKS7_PSo
FNL:9,911,917
FNA:9,0,_ZN7testing8internal21UniversalTersePrinterIPKcE5PrintES3_PSo
FNF:10
FNH:0
DA:332,0
DA:333,0
DA:341,0
DA:342,0
DA:386,0
DA:412,0
DA:414,0
DA:554,0
DA:555,0
DA:556,0
DA:693,0
DA:702,0
DA:703,0
DA:883,0
DA:884,0
DA:885,0
DA:911,0
DA:912,0
DA:913,0
DA:915,0
DA:917,0
DA:1002,0
DA:1006,0
DA:1007,0
DA:1042,0
DA:1043,0
DA:1044,0
DA:1045,0
DA:1046,0
LF:29
LH:0
end_of_record
TN:
SF:/Users/eric/Differ/differ/build/_deps/googletest-src/googletest/include/gtest/gtest.h
FNL:0,1349,1355
FNA:0,0,_ZN7testing8internal18CmpHelperEQFailureINSt7__cxx1112basic_stringIcSt11char_traitsIcESaIcEEEA1022_cEENS_15AssertionResultEPKcSB_RKT_RKT0_
FNA:0,0,_ZN7testing8internal18CmpHelperEQFailureINSt7__cxx1112basic_stringIcSt11char_traitsIcESaIcEEEA185_cEENS_15AssertionResultEPKcSB_RKT_RKT0_
FNA:0,0,_ZN7testing8internal18CmpHelperEQFailureINSt7__cxx1112basic_stringIcSt11char_traitsIcESaIcEEEA80_cEENS_15AssertionResultEPKcSB_RKT_RKT0_
FNL:1,1366,1374
FNA:1,0,_ZN7testing8internal11CmpHelperEQINSt7__cxx1112basic_stringIcSt11char_traitsIcESaIcEEEA1022_cEENS_15AssertionResultEPKcSB_RKT_RKT0_
FNA:1,0,_ZN7testing8internal11CmpHelperEQINSt7__cxx1112basic_stringIcSt11char_traitsIcESaIcEEEA185_cEENS_15AssertionResultEPKcSB_RKT_RKT0_
FNA:1,0,_ZN7testing8internal11CmpHelperEQINSt7__cxx1112basic_stringIcSt11char_traitsIcESaIcEEEA80_cEENS_15AssertionResultEPKcSB_RKT_RKT0_
FNL:2,1385,1389
FNA:2,0,_ZN7testing8internal8EqHelper7CompareINSt7__cxx1112basic_stringIcSt11char_traitsIcESaIcEEEA1022_cLPv0EEENS_15AssertionResultEPKcSD_RKT_RKT0_
FNA:2,0,_ZN7testing8internal8EqHelper7CompareINSt7__cxx1112basic_stringIcSt11char_traitsIcESaIcEEEA185_cLPv0EEENS_15AssertionResultEPKcSD_RKT_RKT0_
FNA:2,0,_ZN7testing8internal8EqHelper7CompareINSt7__cxx1112basic_stringIcSt11char_traitsIcESaIcEEEA80_cLPv0EEENS_15AssertionResultEPKcSD_RKT_RKT0_
FNL:3,255,255
FNA:3,0,_ZN7testing4Test14SetUpTestSuiteEv
FNL:4,263,263
FNA:4,0,_ZN7testing4Test17TearDownTestSuiteEv
FNL:5,268,268
FNA:5,0,_ZN7testing4Test16TearDownTestCaseEv
FNL:6,269,269
FNA:6,0,_ZN7testing4Test13SetUpTestCaseEv
FNL:7,350,350
FNA:7,0,_ZN7testing4Test5SetupEv
FNF:8
FNH:0
DA:255,0
DA:263,0
DA:268,0
DA:269,0
DA:350,0
DA:1349,0
DA:1353,0
DA:1354,0
DA:1366,0
DA:1369,0
DA:1370,0
DA:1373,0
DA:1385,0
DA:1388,0
LF:14
LH:0
end_of_record
TN:
SF:/Users/eric/Differ/differ/build/_deps/googletest-src/googletest/include/gtest/internal/gtest-internal.h
FNL:0,451,451
FNA:0,0,_ZN7testing8internal15TestFactoryBaseD2Ev
FNL:1,458,458
FNA:1,2,_ZN7testing8internal15TestFactoryBaseC2Ev
FNL:2,470,470
FNA:2,0,_ZN7testing8internal15TestFactoryImplI60Class_DifferParser_differ_files_can_be_parsed_correctly_TestE10CreateTestEv
FNA:2,0,_ZN7testing8internal15TestFactoryImplI68Class_LocationParser_test_that_the_loc_file_is_parsed_correctly_TestE10CreateTestEv
FNL:3,491,492
FNA:3,0,_ZN7testing8internal12CodeLocationC1ERKNSt7__cxx1112basic_stringIcSt11char_traitsIcESaIcEEEi
FNL:4,504,507
FNA:4,8,_ZN7testing8internal19GetNotDefaultOrNullEPFvvES2_
FNL:5,519,538
FNA:5,2,_ZN7testing8internal16SuiteApiResolverINS_4TestEE19GetSetUpCaseOrSuiteEPKci
FNL:6,540,559
FNA:6,2,_ZN7testing8internal16SuiteApiResolverINS_4TestEE22GetTearDownCaseOrSuiteEPKci
FNF:7
FNH:4
DA:451,0
DA:458,2
DA:470,0
DA:491,0
DA:492,0
DA:504,8
DA:506,8
DA:519,2
DA:523,2
DA:525,2
DA:527,2
DA:530,0
DA:532,2
DA:540,2
DA:544,2
DA:546,2
DA:548,2
DA:551,0
DA:553,2
LF:19
LH:13
end_of_record
TN:
SF:/Users/eric/Differ/differ/build/_deps/googletest-src/googletest/include/gtest/internal/gtest-port.h
FNL:0,970,970
FNA:0,0,_ZN7testing8internal8GTestLog9GetStreamEv
FNF:1
FNH:0
DA:970,0
LF:1
LH:0
end_of_record
TN:
SF:/Users/eric/Differ/differ/build/vcpkg_installed/x64-osx/include/termcolor/termcolor.hpp
FNL:0,109,119
FNA:0,0,_ZN9termcolor4darkIcEERSt13basic_ostreamIT_St11char_traitsIS2_EES6_
FNL:1,227,237
FNA:1,0,_ZN9termcolor5colorILh0ELh0ELh0EcEERSt13basic_ostreamIT2_St11char_traitsIS2_EES6_
FNL:2,623,637
FNA:2,0,_ZN9termcolor8on_whiteIcEERSt13basic_ostreamIT_St11char_traitsIS2_EES6_
FNL:3,782,786
FNA:3,0,_ZN9termcolor9_internal14colorize_indexEv
FNL:4,792,800
FNA:4,0,_ZN9termcolor9_internal19get_standard_streamERKSo
FNL:5,82,93
FNA:5,0,_ZN9termcolor5resetIcEERSt13basic_ostreamIT_St11char_traitsIS2_EES6_
FNL:6,820,823
FNA:6,0,_ZN9termcolor9_internal12is_colorizedIcEEbRSt13basic_ostreamIT_St11char_traitsIS3_EE
FNL:7,828,846
FNA:7,0,_ZN9termcolor9_internal7is_attyIcEEbRKSt13basic_ostreamIT_St11char_traitsIS3_EE
FNL:8,96,106
FNA:8,0,_ZN9termcolor4boldIcEERSt13basic_ostreamIT_St11char_traitsIS2_EES6_
FNF:9
FNH:0
DA:82,0
DA:84,0
DA:87,0
DA:92,0
DA:96,0
DA:98,0
DA:101,0
DA:105,0
DA:109,0
DA:111,0
DA:114,0
DA:118,0
DA:227,0
DA:229,0
DA:232,0
DA:236,0
DA:623,0
DA:625,0
DA:628,0
DA:636,0
DA:782,0
DA:784,0
DA:785,0
DA:792,0
DA:794,0
DA:795,0
DA:796,0
DA:797,0
DA:799,0
DA:820,0
DA:822,0
DA:828,0
DA:830,0
DA:836,0
DA:837,0
DA:840,0
LF:36
LH:0
end_of_record
TN:
SF:/Users/eric/Differ/differ/include/DifferParser/DifferParser.hpp
FNF:0
FNH:0
LF:0
LH:0
end_of_record
TN:
SF:/Users/eric/Differ/differ/include/LocationParser/LocationParser.hpp
FNF:0
FNH:0
LF:0
LH:0
end_of_record
TN:
SF:/Users/eric/Differ/differ/src/DifferParser/DifferParser.cpp
FNL:0,153,162
FNA:0,0,_ZN12DifferParser10appendLineERKNSt7__cxx114listINS0_12basic_stringIcSt11char_traitsIcESaIcEEESaIS6_EEERKS6_
FNL:1,24,24
FNA:1,0,_ZN12DifferParserC1ERNSt7__cxx114listINS0_12basic_stringIcSt11char_traitsIcESaIcEEESaIS6_EEERSt13unordered_mapIS6_S8_St4hashIS6_ESt8equal_toIS6_ESaISt4pairIKS6_S8_EEE
FNA:1,0,_ZN12DifferParserC2ERNSt7__cxx114listINS0_12basic_stringIcSt11char_traitsIcESaIcEEESaIS6_EEERSt13unordered_mapIS6_S8_St4hashIS6_ESt8equal_toIS6_ESaISt4pairIKS6_S8_EEE
FNL:2,26,58
FNA:2,0,_ZN12DifferParser8scanLineERNSt7__cxx1112basic_stringIcSt11char_traitsIcESaIcEEE
FNL:3,60,62
FNA:3,0,_ZNK12DifferParser9getDifferB5cxx11Ev
FNL:4,64,68
FNA:4,0,_ZN12DifferParser12initPropertyEv
FNL:5,70,151
FNA:5,0,_ZN12DifferParser8dealCharEcRKNSt7__cxx1112basic_stringIcSt11char_traitsIcESaIcEEE
FNF:6
FNH:0
DA:24,0
DA:26,0
DA:27,0
DA:28,0
DA:29,0
DA:31,0
DA:33,0
DA:34,0
DA:36,0
DA:37,0
DA:38,0
DA:39,0
DA:40,0
DA:41,0
DA:42,0
DA:43,0
DA:44,0
DA:45,0
DA:46,0
DA:47,0
DA:48,0
DA:49,0
DA:50,0
DA:51,0
DA:52,0
DA:54,0
DA:55,0
DA:57,0
DA:58,0
DA:60,0
DA:61,0
DA:64,0
DA:65,0
DA:66,0
DA:67,0
DA:68,0
DA:70,0
DA:71,0
DA:72,0
DA:73,0
DA:74,0
DA:75,0
DA:76,0
DA:77,0
DA:78,0
DA:79,0
DA:80,0
DA:81,0
DA:82,0
DA:83,0
DA:85,0
DA:86,0
DA:87,0
DA:88,0
DA:90,0
DA:91,0
DA:92,0
DA:93,0
DA:95,0
DA:97,0
DA:98,0
DA:99,0
DA:100,0
DA:102,0
DA:104,0
DA:105,0
DA:106,0
DA:107,0
DA:108,0
DA:110,0
DA:112,0
DA:113,0
DA:114,0
DA:115,0
DA:117,0
DA:119,0
DA:120,0
DA:121,0
DA:122,0
DA:123,0
DA:124,0
DA:125,0
DA:126,0
DA:127,0
DA:128,0
DA:129,0
DA:132,0
DA:135,0
DA:136,0
DA:137,0
DA:139,0
DA:140,0
DA:141,0
DA:143,0
DA:144,0
DA:145,0
DA:146,0
DA:147,0
DA:148,0
DA:150,0
DA:153,0
DA:154,0
DA:155,0
DA:156,0
DA:158,0
DA:159,0
DA:160,0
DA:161,0
DA:162,0
LF:109
LH:0
end_of_record
TN:
SF:/Users/eric/Differ/differ/src/LocationParser/LocationParser.cpp
FNL:0,119,125
FNA:0,0,_ZNK14LocationParser11getLocationB5cxx11Ev
FNL:1,127,138
FNA:1,0,_ZN14LocationParser11appendValueEv
FNL:2,140,151
FNA:2,0,_ZN14LocationParser11getFullListB5cxx11Ev
FNL:3,28,28
FNA:3,0,_ZN14LocationParserC1Ev
FNA:3,0,_ZN14LocationParserC2Ev
FNL:4,30,37
FNA:4,0,_ZN14LocationParser12initPropertyEv
FNL:5,39,65
FNA:5,0,_ZN14LocationParser8scanLineERKNSt7__cxx1112basic_stringIcSt11char_traitsIcESaIcEEE
FNL:6,68,117
FNA:6,0,_ZN14LocationParser8dealCharEc
FNF:7
FNH:0
DA:28,0
DA:30,0
DA:31,0
DA:32,0
DA:33,0
DA:34,0
DA:35,0
DA:36,0
DA:37,0
DA:39,0
DA:40,0
DA:41,0
DA:42,0
DA:44,0
DA:45,0
DA:46,0
DA:47,0
DA:48,0
DA:49,0
DA:50,0
DA:51,0
DA:52,0
DA:53,0
DA:54,0
DA:55,0
DA:56,0
DA:57,0
DA:58,0
DA:60,0
DA:62,0
DA:64,0
DA:65,0
DA:68,0
DA:69,0
DA:70,0
DA:71,0
DA:72,0
DA:74,0
DA:76,0
DA:77,0
DA:78,0
DA:79,0
DA:80,0
DA:82,0
DA:84,0
DA:85,0
DA:86,0
DA:87,0
DA:89,0
DA:91,0
DA:92,0
DA:93,0
DA:94,0
DA:96,0
DA:98,0
DA:99,0
DA:100,0
DA:101,0
DA:102,0
DA:103,0
DA:104,0
DA:105,0
DA:106,0
DA:107,0
DA:108,0
DA:109,0
DA:110,0
DA:111,0
DA:113,0
DA:114,0
DA:115,0
DA:117,0
DA:119,0
DA:120,0
DA:121,0
DA:123,0
DA:127,0
DA:128,0
DA:129,0
DA:131,0
DA:132,0
DA:133,0
DA:134,0
DA:135,0
DA:137,0
DA:138,0
DA:140,0
DA:141,0
DA:142,0
DA:144,0
DA:145,0
DA:146,0
DA:147,0
DA:149,0
LF:94
LH:0
end_of_record
TN:
SF:/Users/eric/Differ/differ/src/Parser/Parser.cpp
FNL:0,20,20
FNA:0,0,_ZN6ParserC1Ev
FNA:0,0,_ZN6ParserC2Ev
FNL:1,22,22
FNA:1,0,_ZN6ParserD1Ev
FNA:1,0,_ZN6ParserD2Ev
FNL:2,23,28
FNA:2,0,_ZN6Parser9obtainKeyEv
FNL:3,30,38
FNA:3,0,_Z8getWidthi
FNL:4,40,51
FNA:4,0,_ZN6Parser9showErrorERKNSt7__cxx1112basic_stringIcSt11char_traitsIcESaIcEEES7_
FNF:5
FNH:0
DA:20,0
DA:22,0
DA:23,0
DA:24,0
DA:25,0
DA:27,0
DA:28,0
DA:30,0
DA:31,0
DA:32,0
DA:33,0
DA:34,0
DA:35,0
DA:37,0
DA:40,0
DA:41,0
DA:42,0
DA:43,0
DA:44,0
DA:45,0
DA:47,0
DA:48,0
DA:49,0
DA:50,0
DA:51,0
LF:25
LH:0
end_of_record
TN:
SF:/Users/eric/Differ/differ/test/DifferParser/DifferParser_test.cpp
FNL:0,16,37
FNA:0,0,_ZN60Class_DifferParser_differ_files_can_be_parsed_correctly_Test8TestBodyEv
FNA:0,0,_ZN60Class_DifferParser_differ_files_can_be_parsed_correctly_TestC1Ev
FNA:0,0,_ZN60Class_DifferParser_differ_files_can_be_parsed_correctly_TestD0Ev
FNA:0,0,_ZN60Class_DifferParser_differ_files_can_be_parsed_correctly_TestD1Ev
FNF:1
FNH:0
DA:16,0
DA:17,0
DA:18,0
DA:19,0
DA:20,0
DA:21,0
DA:23,0
DA:24,0
DA:25,0
DA:26,0
DA:27,0
DA:28,0
DA:29,0
DA:31,0
DA:32,0
DA:33,0
DA:34,0
DA:35,0
DA:36,0
DA:37,0
LF:20
LH:0
end_of_record
TN:
SF:/Users/eric/Differ/differ/test/LocationParser/LocationParser_test.cpp
FNL:0,12,35
FNA:0,0,_ZN68Class_LocationParser_test_that_the_loc_file_is_parsed_correctly_Test8TestBodyEv
FNA:0,0,_ZN68Class_LocationParser_test_that_the_loc_file_is_parsed_correctly_TestC1Ev
FNA:0,0,_ZN68Class_LocationParser_test_that_the_loc_file_is_parsed_correctly_TestD0Ev
FNA:0,0,_ZN68Class_LocationParser_test_that_the_loc_file_is_parsed_correctly_TestD1Ev
FNF:1
FNH:0
DA:12,0
DA:13,0
DA:14,0
DA:15,0
DA:16,0
DA:17,0
DA:19,0
DA:20,0
DA:21,0
DA:23,0
DA:24,0
DA:25,0
DA:26,0
DA:27,0
DA:28,0
DA:30,0
DA:33,0
DA:34,0
DA:35,0
LF:19
LH:0
end_of_record
TN:
SF:/Users/eric/Differ/differ/test/serializeStringListMap/serializeStringListMap.cpp
FNL:0,7,24
FNA:0,0,_Z22serializeStringListMapRSt13unordered_mapINSt7__cxx1112basic_stringIcSt11char_traitsIcESaIcEEENS0_4listIS5_SaIS5_EEESt4hashIS5_ESt8equal_toIS5_ESaISt4pairIKS5_S8_EEE
FNF:1
FNH:0
DA:7,0
DA:8,0
DA:9,0
DA:10,0
DA:11,0
DA:12,0
DA:13,0
DA:14,0
DA:15,0
DA:17,0
DA:20,0
DA:21,0
DA:22,0
DA:23,0
DA:24,0
LF:15
LH:0
end_of_record
TN:
SF:/opt/local/include/gcc14/c++/bit
FNL:0,201,243
FNA:0,0,_ZSt13__countl_zeroImEiT_
FNL:1,371,375
FNA:1,0,_ZSt11__bit_widthImEiT_
FNF:2
FNH:0
DA:201,0
DA:204,0
DA:206,0
DA:207,0
DA:209,0
DA:210,0
DA:211,0
DA:220,0
DA:221,0
DA:371,0
DA:373,0
DA:374,0
LF:12
LH:0
end_of_record
TN:
SF:/opt/local/include/gcc14/c++/bits/alloc_traits.h
FNF:0
FNH:0
DA:478,0
DA:513,0
DA:534,3
DA:538,3
DA:558,3
DA:570,19
DA:584,4
DA:657,0
DA:671,0
DA:718,0
DA:751,0
DA:755,0
DA:944,16
DA:945,16
LF:14
LH:7
end_of_record
TN:
SF:/opt/local/include/gcc14/c++/bits/allocated_ptr.h
FNL:0,53,55
FNA:0,0,_ZNSt15__allocated_ptrISaISt10_List_nodeINSt7__cxx1112basic_stringIcSt11char_traitsIcESaIcEEEEEEC1ERS8_PS7_
FNA:0,0,_ZNSt15__allocated_ptrISaISt10_List_nodeIcEEEC1ERS2_PS1_
FNA:0,0,_ZNSt15__allocated_ptrISaISt23_Sp_counted_ptr_inplaceINSt8__detail4_NFAINSt7__cxx1112regex_traitsIcEEEESaIvELN9__gnu_cxx12_Lock_policyE2EEEEC1ERSB_PSA_
FNL:1,71,75
FNA:1,0,_ZNSt15__allocated_ptrISaISt10_List_nodeINSt7__cxx1112basic_stringIcSt11char_traitsIcESaIcEEEEEED1Ev
FNA:1,0,_ZNSt15__allocated_ptrISaISt10_List_nodeIcEEED1Ev
FNA:1,0,_ZNSt15__allocated_ptrISaISt23_Sp_counted_ptr_inplaceINSt8__detail4_NFAINSt7__cxx1112regex_traitsIcEEEESaIvELN9__gnu_cxx12_Lock_policyE2EEEED1Ev
FNL:2,79,83
FNA:2,0,_ZNSt15__allocated_ptrISaISt10_List_nodeINSt7__cxx1112basic_stringIcSt11char_traitsIcESaIcEEEEEEaSEDn
FNA:2,0,_ZNSt15__allocated_ptrISaISt10_List_nodeIcEEEaSEDn
FNA:2,0,_ZNSt15__allocated_ptrISaISt23_Sp_counted_ptr_inplaceINSt8__detail4_NFAINSt7__cxx1112regex_traitsIcEEEESaIvELN9__gnu_cxx12_Lock_policyE2EEEEaSEDn
FNL:3,86,86
FNA:3,0,_ZNSt15__allocated_ptrISaISt23_Sp_counted_ptr_inplaceINSt8__detail4_NFAINSt7__cxx1112regex_traitsIcEEEESaIvELN9__gnu_cxx12_Lock_policyE2EEEE3getEv
FNL:4,96,99
FNA:4,0,_ZSt18__allocate_guardedISaISt23_Sp_counted_ptr_inplaceINSt8__detail4_NFAINSt7__cxx1112regex_traitsIcEEEESaIvELN9__gnu_cxx12_Lock_policyE2EEEESt15__allocated_ptrIT_ERSD_
FNF:5
FNH:0
DA:53,0
DA:54,0
DA:55,0
DA:71,0
DA:73,0
DA:74,0
DA:75,0
DA:79,0
DA:81,0
DA:82,0
DA:86,0
DA:96,0
DA:98,0
LF:13
LH:0
end_of_record
TN:
SF:/opt/local/include/gcc14/c++/bits/allocator.h
FNF:0
FNH:0
DA:161,14
DA:166,7
DA:176,0
DA:182,4
DA:221,0
LF:5
LH:3
end_of_record
TN:
SF:/opt/local/include/gcc14/c++/bits/basic_string.h
FNL:0,3573,3586
FNA:0,2,_ZSt12__str_concatINSt7__cxx1112basic_stringIcSt11char_traitsIcESaIcEEEET_PKNS6_10value_typeENS6_9size_typeES9_SA_RKNS6_14allocator_typeE
FNL:1,3616,3624
FNA:1,0,_ZStplIcSt11char_traitsIcESaIcEENSt7__cxx1112basic_stringIT_T0_T1_EEPKS5_RKS8_
FNL:2,3733,3735
FNA:2,40,_ZStplIcSt11char_traitsIcESaIcEENSt7__cxx1112basic_stringIT_T0_T1_EEOS8_PKS5_
FNL:3,3755,3761
FNA:3,0,_ZSteqIcSt11char_traitsIcESaIcEEbRKNSt7__cxx1112basic_stringIT_T0_T1_EESA_
FNL:4,3772,3777
FNA:4,12,_ZSteqIcSt11char_traitsIcESaIcEEbRKNSt7__cxx1112basic_stringIT_T0_T1_EEPKS5_
FNL:5,3956,3959
FNA:5,0,_ZStleIcSt11char_traitsIcESaIcEEbRKNSt7__cxx1112basic_stringIT_T0_T1_EESA_
FNL:6,4616,4617
FNA:6,0,_ZNKSt15__str_hash_baseIcSaIcENSt7__cxx1112basic_stringIcSt11char_traitsIcES0_EEEclERKS5_
FNL:7,646,655
FNA:7,66,_ZNSt7__cxx1112basic_stringIcSt11char_traitsIcESaIcEEC1IS3_EEPKcRKS3_
FNL:8,669,671
FNA:8,0,_ZNSt7__cxx1112basic_stringIcSt11char_traitsIcESaIcEEC1IS3_EEmcRKS3_
FNL:9,765,775
FNA:9,0,_ZNSt7__cxx1112basic_stringIcSt11char_traitsIcESaIcEEC1IN9__gnu_cxx17__normal_iteratorIPcS4_EEvEET_SA_RKS3_
FNA:9,0,_ZNSt7__cxx1112basic_stringIcSt11char_traitsIcESaIcEEC1IPcvEET_S7_RKS3_
FNF:10
FNH:4
DA:360,62
DA:646,66
DA:647,66
DA:650,66
DA:651,0
DA:653,66
DA:654,66
DA:655,66
DA:669,0
DA:670,0
DA:671,0
DA:765,0
DA:767,0
DA:770,0
DA:775,0
DA:3573,2
DA:3581,2
DA:3582,2
DA:3583,2
DA:3584,2
DA:3585,2
DA:3586,0
DA:3616,0
DA:3623,0
DA:3733,40
DA:3735,40
DA:3755,0
DA:3759,0
DA:3760,0
DA:3772,12
DA:3775,12
DA:3776,12
DA:3956,0
DA:3959,0
DA:4616,0
DA:4617,0
LF:36
LH:18
end_of_record
TN:
SF:/opt/local/include/gcc14/c++/bits/basic_string.tcc
FNL:0,221,252
FNA:0,0,_ZNSt7__cxx1112basic_stringIcSt11char_traitsIcESaIcEE12_M_constructIN9__gnu_cxx17__normal_iteratorIPcS4_EEEEvT_SA_St20forward_iterator_tag
FNA:0,78,_ZNSt7__cxx1112basic_stringIcSt11char_traitsIcESaIcEE12_M_constructIPKcEEvT_S8_St20forward_iterator_tag
FNA:0,16,_ZNSt7__cxx1112basic_stringIcSt11char_traitsIcESaIcEE12_M_constructIPcEEvT_S7_St20forward_iterator_tag
FNL:1,239,239
FNA:1,0,_ZZNSt7__cxx1112basic_stringIcSt11char_traitsIcESaIcEE12_M_constructIN9__gnu_cxx17__normal_iteratorIPcS4_EEEEvT_SA_St20forward_iterator_tagEN6_GuardC1EPS4_
FNA:1,78,_ZZNSt7__cxx1112basic_stringIcSt11char_traitsIcESaIcEE12_M_constructIPKcEEvT_S8_St20forward_iterator_tagEN6_GuardC1EPS4_
FNA:1,16,_ZZNSt7__cxx1112basic_stringIcSt11char_traitsIcESaIcEE12_M_constructIPcEEvT_S7_St20forward_iterator_tagEN6_GuardC1EPS4_
FNL:2,242,242
FNA:2,0,_ZZNSt7__cxx1112basic_stringIcSt11char_traitsIcESaIcEE12_M_constructIN9__gnu_cxx17__normal_iteratorIPcS4_EEEEvT_SA_St20forward_iterator_tagEN6_GuardD1Ev
FNA:2,78,_ZZNSt7__cxx1112basic_stringIcSt11char_traitsIcESaIcEE12_M_constructIPKcEEvT_S8_St20forward_iterator_tagEN6_GuardD1Ev
FNA:2,16,_ZZNSt7__cxx1112basic_stringIcSt11char_traitsIcESaIcEE12_M_constructIPcEEvT_S7_St20forward_iterator_tagEN6_GuardD1Ev
FNF:3
FNH:3
DA:221,94
DA:225,94
DA:227,94
DA:229,32
DA:230,32
DA:239,94
DA:242,94
DA:245,94
DA:247,94
DA:249,94
DA:251,94
DA:252,94
LF:12
LH:12
end_of_record
TN:
SF:/opt/local/include/gcc14/c++/bits/char_traits.h
FNL:0,136,137
FNA:0,0,_ZN9__gnu_cxx11char_traitsIcE2eqERKcS3_
FNL:1,199,206
FNA:1,0,_ZN9__gnu_cxx11char_traitsIcE6lengthEPKc
FNL:2,358,363
FNA:2,0,_ZNSt11char_traitsIcE2ltERKcS2_
FNL:3,366,382
FNA:3,4,_ZNSt11char_traitsIcE7compareEPKcS2_m
FNL:4,385,392
FNA:4,80,_ZNSt11char_traitsIcE6lengthEPKc
FNF:5
FNH:2
DA:136,0
DA:137,0
DA:199,0
DA:202,0
DA:203,0
DA:204,0
DA:205,0
DA:358,0
DA:361,0
DA:362,0
DA:366,4
DA:368,4
DA:369,4
DA:371,0
DA:373,0
DA:374,0
DA:375,0
DA:376,0
DA:377,0
DA:378,0
DA:381,0
DA:385,80
DA:388,80
DA:389,0
DA:391,80
LF:25
LH:6
end_of_record
TN:
SF:/opt/local/include/gcc14/c++/bits/cpp_type_traits.h
FNL:0,607,608
FNA:0,0,_ZSt12__miter_baseIN9__gnu_cxx17__normal_iteratorIPKNSt7__cxx119sub_matchINS1_IPcNS2_12basic_stringIcSt11char_traitsIcESaIcEEEEEEESt6vectorISB_SaISB_EEEEET_SI_
FNA:0,0,_ZSt12__miter_baseIN9__gnu_cxx17__normal_iteratorIPKcSt6vectorIcSaIcEEEEET_S8_
FNA:0,0,_ZSt12__miter_baseIN9__gnu_cxx17__normal_iteratorIPcNSt7__cxx1112basic_stringIcSt11char_traitsIcESaIcEEEEEET_SA_
FNA:0,0,_ZSt12__miter_baseIN9__gnu_cxx17__normal_iteratorIPcSt6vectorIcSaIcEEEEET_S7_
FNA:0,0,_ZSt12__miter_baseIPKcET_S2_
FNA:0,0,_ZSt12__miter_baseIPNSt7__cxx119sub_matchIN9__gnu_cxx17__normal_iteratorIPcNS0_12basic_stringIcSt11char_traitsIcESaIcEEEEEEEET_SD_
FNA:0,0,_ZSt12__miter_baseIPPNSt8__detail9_StateSeqINSt7__cxx1112regex_traitsIcEEEEET_S8_
FNA:0,0,_ZSt12__miter_baseIPPlET_S2_
FNA:0,0,_ZSt12__miter_baseIPcET_S1_
FNF:1
FNH:0
DA:607,0
DA:608,0
LF:2
LH:0
end_of_record
TN:
SF:/opt/local/include/gcc14/c++/bits/deque.tcc
FNL:0,164,180
FNA:0,0,_ZNSt5dequeINSt8__detail9_StateSeqINSt7__cxx1112regex_traitsIcEEEESaIS5_EE12emplace_backIJS5_EEERS5_DpOT_
FNL:1,484,516
FNA:1,0,_ZNSt5dequeINSt8__detail9_StateSeqINSt7__cxx1112regex_traitsIcEEEESaIS5_EE16_M_push_back_auxIJRKS5_EEEvDpOT_
FNA:1,0,_ZNSt5dequeINSt8__detail9_StateSeqINSt7__cxx1112regex_traitsIcEEEESaIS5_EE16_M_push_back_auxIJS5_EEEvDpOT_
FNA:1,0,_ZNSt5dequeIlSaIlEE16_M_push_back_auxIJRKlEEEvDpOT_
FNL:2,560,568
FNA:2,0,_ZNSt5dequeINSt8__detail9_StateSeqINSt7__cxx1112regex_traitsIcEEEESaIS5_EE15_M_pop_back_auxEv
FNA:2,0,_ZNSt5dequeIlSaIlEE15_M_pop_back_auxEv
FNL:3,931,973
FNA:3,0,_ZNSt5dequeINSt8__detail9_StateSeqINSt7__cxx1112regex_traitsIcEEEESaIS5_EE17_M_reallocate_mapEmb
FNA:3,0,_ZNSt5dequeIlSaIlEE17_M_reallocate_mapEmb
FNF:4
FNH:0
DA:164,0
DA:167,0
DA:168,0
DA:170,0
DA:173,0
DA:176,0
DA:178,0
DA:484,0
DA:492,0
DA:493,0
DA:496,0
DA:497,0
DA:501,0
DA:507,0
DA:509,0
DA:516,0
DA:560,0
DA:563,0
DA:564,0
DA:565,0
DA:566,0
DA:568,0
DA:931,0
DA:934,0
DA:935,0
DA:936,0
DA:939,0
DA:941,0
DA:942,0
DA:943,0
DA:944,0
DA:945,0
DA:946,0
DA:949,0
DA:950,0
DA:951,0
DA:955,0
DA:956,0
DA:959,0
DA:960,0
DA:961,0
DA:962,0
DA:963,0
DA:965,0
DA:967,0
DA:968,0
DA:971,0
DA:972,0
DA:973,0
LF:49
LH:0
end_of_record
TN:
SF:/opt/local/include/gcc14/c++/bits/functional_hash.h
FNL:0,204,206
FNA:0,0,_ZNSt10_Hash_impl4hashEPKvmm
FNF:1
FNH:0
DA:204,0
DA:206,0
LF:2
LH:0
end_of_record
TN:
SF:/opt/local/include/gcc14/c++/bits/hashtable.h
FNL:0,1415,1456
FNA:0,0,_ZNSt10_HashtableINSt7__cxx1112basic_stringIcSt11char_traitsIcESaIcEEESt4pairIKS5_NS0_4listIS5_SaIS5_EEEESaISB_ENSt8__detail10_Select1stESt8equal_toIS5_ESt4hashIS5_ENSD_18_Mod_range_hashingENSD_20_Default_ranged_hashENSD_20_Prime_rehash_policyENSD_17_Hashtable_traitsILb1ELb0ELb1EEEE9_M_assignIRKSO_NSD_10_AllocNodeISaINSD_10_Hash_nodeISB_Lb1EEEEEEEEvOT_RKT0_
FNL:1,1532,1548
FNA:1,0,_ZNSt10_HashtableINSt7__cxx1112basic_stringIcSt11char_traitsIcESaIcEEESt4pairIKS5_NS0_4listIS5_SaIS5_EEEESaISB_ENSt8__detail10_Select1stESt8equal_toIS5_ESt4hashIS5_ENSD_18_Mod_range_hashingENSD_20_Default_ranged_hashENSD_20_Prime_rehash_policyENSD_17_Hashtable_traitsILb1ELb0ELb1EEEEC1ERKSO_
FNL:2,1654,1669
FNA:2,0,_ZNSt10_HashtableINSt7__cxx1112basic_stringIcSt11char_traitsIcESaIcEEESt4pairIKS5_NS0_4listIS5_SaIS5_EEEESaISB_ENSt8__detail10_Select1stESt8equal_toIS5_ESt4hashIS5_ENSD_18_Mod_range_hashingENSD_20_Default_ranged_hashENSD_20_Prime_rehash_policyENSD_17_Hashtable_traitsILb1ELb0ELb1EEEED1Ev
FNA:2,0,_ZNSt10_HashtableINSt7__cxx1112basic_stringIcSt11char_traitsIcESaIcEEESt4pairIKS5_bESaIS8_ENSt8__detail10_Select1stESt8equal_toIS5_ESt4hashIS5_ENSA_18_Mod_range_hashingENSA_20_Default_ranged_hashENSA_20_Prime_rehash_policyENSA_17_Hashtable_traitsILb1ELb0ELb1EEEED1Ev
FNL:3,1723,1739
FNA:3,0,_ZNSt10_HashtableINSt7__cxx1112basic_stringIcSt11char_traitsIcESaIcEEESt4pairIKS5_NS0_4listIS5_SaIS5_EEEESaISB_ENSt8__detail10_Select1stESt8equal_toIS5_ESt4hashIS5_ENSD_18_Mod_range_hashingENSD_20_Default_ranged_hashENSD_20_Prime_rehash_policyENSD_17_Hashtable_traitsILb1ELb0ELb1EEEE4findERS7_
FNL:4,2061,2083
FNA:4,0,_ZNKSt10_HashtableINSt7__cxx1112basic_stringIcSt11char_traitsIcESaIcEEESt4pairIKS5_NS0_4listIS5_SaIS5_EEEESaISB_ENSt8__detail10_Select1stESt8equal_toIS5_ESt4hashIS5_ENSD_18_Mod_range_hashingENSD_20_Default_ranged_hashENSD_20_Prime_rehash_policyENSD_17_Hashtable_traitsILb1ELb0ELb1EEEE19_M_find_before_nodeEmRS7_m
FNA:4,0,_ZNKSt10_HashtableINSt7__cxx1112basic_stringIcSt11char_traitsIcESaIcEEESt4pairIKS5_bESaIS8_ENSt8__detail10_Select1stESt8equal_toIS5_ESt4hashIS5_ENSA_18_Mod_range_hashingENSA_20_Default_ranged_hashENSA_20_Prime_rehash_policyENSA_17_Hashtable_traitsILb1ELb0ELb1EEEE19_M_find_before_nodeEmRS7_m
FNL:5,2224,2248
FNA:5,0,_ZNSt10_HashtableINSt7__cxx1112basic_stringIcSt11char_traitsIcESaIcEEESt4pairIKS5_NS0_4listIS5_SaIS5_EEEESaISB_ENSt8__detail10_Select1stESt8equal_toIS5_ESt4hashIS5_ENSD_18_Mod_range_hashingENSD_20_Default_ranged_hashENSD_20_Prime_rehash_policyENSD_17_Hashtable_traitsILb1ELb0ELb1EEEE21_M_insert_unique_nodeEmmPNSD_10_Hash_nodeISB_Lb1EEEm
FNA:5,0,_ZNSt10_HashtableINSt7__cxx1112basic_stringIcSt11char_traitsIcESaIcEEESt4pairIKS5_bESaIS8_ENSt8__detail10_Select1stESt8equal_toIS5_ESt4hashIS5_ENSA_18_Mod_range_hashingENSA_20_Default_ranged_hashENSA_20_Prime_rehash_policyENSA_17_Hashtable_traitsILb1ELb0ELb1EEEE21_M_insert_unique_nodeEmmPNSA_10_Hash_nodeIS8_Lb1EEEm
FNL:6,2580,2589
FNA:6,0,_ZNSt10_HashtableINSt7__cxx1112basic_stringIcSt11char_traitsIcESaIcEEESt4pairIKS5_NS0_4listIS5_SaIS5_EEEESaISB_ENSt8__detail10_Select1stESt8equal_toIS5_ESt4hashIS5_ENSD_18_Mod_range_hashingENSD_20_Default_ranged_hashENSD_20_Prime_rehash_policyENSD_17_Hashtable_traitsILb1ELb0ELb1EEEE5clearEv
FNA:6,0,_ZNSt10_HashtableINSt7__cxx1112basic_stringIcSt11char_traitsIcESaIcEEESt4pairIKS5_bESaIS8_ENSt8__detail10_Select1stESt8equal_toIS5_ESt4hashIS5_ENSA_18_Mod_range_hashingENSA_20_Default_ranged_hashENSA_20_Prime_rehash_policyENSA_17_Hashtable_traitsILb1ELb0ELb1EEEE5clearEv
FNL:7,2619,2653
FNA:7,0,_ZNSt10_HashtableINSt7__cxx1112basic_stringIcSt11char_traitsIcESaIcEEESt4pairIKS5_NS0_4listIS5_SaIS5_EEEESaISB_ENSt8__detail10_Select1stESt8equal_toIS5_ESt4hashIS5_ENSD_18_Mod_range_hashingENSD_20_Default_ranged_hashENSD_20_Prime_rehash_policyENSD_17_Hashtable_traitsILb1ELb0ELb1EEEE9_M_rehashEmSt17integral_constantIbLb1EE
FNA:7,0,_ZNSt10_HashtableINSt7__cxx1112basic_stringIcSt11char_traitsIcESaIcEEESt4pairIKS5_bESaIS8_ENSt8__detail10_Select1stESt8equal_toIS5_ESt4hashIS5_ENSA_18_Mod_range_hashingENSA_20_Default_ranged_hashENSA_20_Prime_rehash_policyENSA_17_Hashtable_traitsILb1ELb0ELb1EEEE9_M_rehashEmSt17integral_constantIbLb1EE
FNL:8,310,313
FNA:8,0,_ZNSt10_HashtableINSt7__cxx1112basic_stringIcSt11char_traitsIcESaIcEEESt4pairIKS5_NS0_4listIS5_SaIS5_EEEESaISB_ENSt8__detail10_Select1stESt8equal_toIS5_ESt4hashIS5_ENSD_18_Mod_range_hashingENSD_20_Default_ranged_hashENSD_20_Prime_rehash_policyENSD_17_Hashtable_traitsILb1ELb0ELb1EEEE12_Scoped_nodeC1IJRKSt21piecewise_construct_tSt5tupleIJRS7_EESU_IJEEEEEPNSD_16_Hashtable_allocISaINSD_10_Hash_nodeISB_Lb1EEEEEEDpOT_
FNA:8,0,_ZNSt10_HashtableINSt7__cxx1112basic_stringIcSt11char_traitsIcESaIcEEESt4pairIKS5_bESaIS8_ENSt8__detail10_Select1stESt8equal_toIS5_ESt4hashIS5_ENSA_18_Mod_range_hashingENSA_20_Default_ranged_hashENSA_20_Prime_rehash_policyENSA_17_Hashtable_traitsILb1ELb0ELb1EEEE12_Scoped_nodeC1IJRKSt21piecewise_construct_tSt5tupleIJRS7_EESR_IJEEEEEPNSA_16_Hashtable_allocISaINSA_10_Hash_nodeIS8_Lb1EEEEEEDpOT_
FNL:9,316,316
FNA:9,0,_ZNSt10_HashtableINSt7__cxx1112basic_stringIcSt11char_traitsIcESaIcEEESt4pairIKS5_NS0_4listIS5_SaIS5_EEEESaISB_ENSt8__detail10_Select1stESt8equal_toIS5_ESt4hashIS5_ENSD_18_Mod_range_hashingENSD_20_Default_ranged_hashENSD_20_Prime_rehash_policyENSD_17_Hashtable_traitsILb1ELb0ELb1EEEE12_Scoped_nodeD1Ev
FNA:9,0,_ZNSt10_HashtableINSt7__cxx1112basic_stringIcSt11char_traitsIcESaIcEEESt4pairIKS5_bESaIS8_ENSt8__detail10_Select1stESt8equal_toIS5_ESt4hashIS5_ENSA_18_Mod_range_hashingENSA_20_Default_ranged_hashENSA_20_Prime_rehash_policyENSA_17_Hashtable_traitsILb1ELb0ELb1EEEE12_Scoped_nodeD1Ev
FNL:10,329,330
FNA:10,0,_ZNSt10_HashtableINSt7__cxx1112basic_stringIcSt11char_traitsIcESaIcEEESt4pairIKS5_NS0_4listIS5_SaIS5_EEEESaISB_ENSt8__detail10_Select1stESt8equal_toIS5_ESt4hashIS5_ENSD_18_Mod_range_hashingENSD_20_Default_ranged_hashENSD_20_Prime_rehash_policyENSD_17_Hashtable_traitsILb1ELb0ELb1EEEE15__fwd_value_forIRKSO_EENSt13__conditionalIXsrSt19is_lvalue_referenceIT_E5valueEE4typeIRKSB_OSB_EERSB_
FNL:11,407,411
FNA:11,0,_ZNSt10_HashtableINSt7__cxx1112basic_stringIcSt11char_traitsIcESaIcEEESt4pairIKS5_NS0_4listIS5_SaIS5_EEEESaISB_ENSt8__detail10_Select1stESt8equal_toIS5_ESt4hashIS5_ENSD_18_Mod_range_hashingENSD_20_Default_ranged_hashENSD_20_Prime_rehash_policyENSD_17_Hashtable_traitsILb1ELb0ELb1EEEE16_M_update_bbeginEv
FNL:12,414,418
FNA:12,0,_ZNSt10_HashtableINSt7__cxx1112basic_stringIcSt11char_traitsIcESaIcEEESt4pairIKS5_NS0_4listIS5_SaIS5_EEEESaISB_ENSt8__detail10_Select1stESt8equal_toIS5_ESt4hashIS5_ENSD_18_Mod_range_hashingENSD_20_Default_ranged_hashENSD_20_Prime_rehash_policyENSD_17_Hashtable_traitsILb1ELb0ELb1EEEE16_M_update_bbeginEPNSD_10_Hash_nodeISB_Lb1EEE
FNL:13,421,422
FNA:13,0,_ZNKSt10_HashtableINSt7__cxx1112basic_stringIcSt11char_traitsIcESaIcEEESt4pairIKS5_NS0_4listIS5_SaIS5_EEEESaISB_ENSt8__detail10_Select1stESt8equal_toIS5_ESt4hashIS5_ENSD_18_Mod_range_hashingENSD_20_Default_ranged_hashENSD_20_Prime_rehash_policyENSD_17_Hashtable_traitsILb1ELb0ELb1EEEE21_M_uses_single_bucketEPPNSD_15_Hash_node_baseE
FNA:13,0,_ZNKSt10_HashtableINSt7__cxx1112basic_stringIcSt11char_traitsIcESaIcEEESt4pairIKS5_bESaIS8_ENSt8__detail10_Select1stESt8equal_toIS5_ESt4hashIS5_ENSA_18_Mod_range_hashingENSA_20_Default_ranged_hashENSA_20_Prime_rehash_policyENSA_17_Hashtable_traitsILb1ELb0ELb1EEEE21_M_uses_single_bucketEPPNSA_15_Hash_node_baseE
FNL:14,429,433
FNA:14,0,_ZNSt10_HashtableINSt7__cxx1112basic_stringIcSt11char_traitsIcESaIcEEESt4pairIKS5_NS0_4listIS5_SaIS5_EEEESaISB_ENSt8__detail10_Select1stESt8equal_toIS5_ESt4hashIS5_ENSD_18_Mod_range_hashingENSD_20_Default_ranged_hashENSD_20_Prime_rehash_policyENSD_17_Hashtable_traitsILb1ELb0ELb1EEEE22__small_size_thresholdEv
FNL:15,439,448
FNA:15,0,_ZNSt10_HashtableINSt7__cxx1112basic_stringIcSt11char_traitsIcESaIcEEESt4pairIKS5_NS0_4listIS5_SaIS5_EEEESaISB_ENSt8__detail10_Select1stESt8equal_toIS5_ESt4hashIS5_ENSD_18_Mod_range_hashingENSD_20_Default_ranged_hashENSD_20_Prime_rehash_policyENSD_17_Hashtable_traitsILb1ELb0ELb1EEEE19_M_allocate_bucketsEm
FNA:15,0,_ZNSt10_HashtableINSt7__cxx1112basic_stringIcSt11char_traitsIcESaIcEEESt4pairIKS5_bESaIS8_ENSt8__detail10_Select1stESt8equal_toIS5_ESt4hashIS5_ENSA_18_Mod_range_hashingENSA_20_Default_ranged_hashENSA_20_Prime_rehash_policyENSA_17_Hashtable_traitsILb1ELb0ELb1EEEE19_M_allocate_bucketsEm
FNL:16,451,457
FNA:16,0,_ZNSt10_HashtableINSt7__cxx1112basic_stringIcSt11char_traitsIcESaIcEEESt4pairIKS5_NS0_4listIS5_SaIS5_EEEESaISB_ENSt8__detail10_Select1stESt8equal_toIS5_ESt4hashIS5_ENSD_18_Mod_range_hashingENSD_20_Default_ranged_hashENSD_20_Prime_rehash_policyENSD_17_Hashtable_traitsILb1ELb0ELb1EEEE21_M_deallocate_bucketsEPPNSD_15_Hash_node_baseEm
FNA:16,0,_ZNSt10_HashtableINSt7__cxx1112basic_stringIcSt11char_traitsIcESaIcEEESt4pairIKS5_bESaIS8_ENSt8__detail10_Select1stESt8equal_toIS5_ESt4hashIS5_ENSA_18_Mod_range_hashingENSA_20_Default_ranged_hashENSA_20_Prime_rehash_policyENSA_17_Hashtable_traitsILb1ELb0ELb1EEEE21_M_deallocate_bucketsEPPNSA_15_Hash_node_baseEm
FNL:17,460,461
FNA:17,0,_ZNSt10_HashtableINSt7__cxx1112basic_stringIcSt11char_traitsIcESaIcEEESt4pairIKS5_NS0_4listIS5_SaIS5_EEEESaISB_ENSt8__detail10_Select1stESt8equal_toIS5_ESt4hashIS5_ENSD_18_Mod_range_hashingENSD_20_Default_ranged_hashENSD_20_Prime_rehash_policyENSD_17_Hashtable_traitsILb1ELb0ELb1EEEE21_M_deallocate_bucketsEv
FNA:17,0,_ZNSt10_HashtableINSt7__cxx1112basic_stringIcSt11char_traitsIcESaIcEEESt4pairIKS5_bESaIS8_ENSt8__detail10_Select1stESt8equal_toIS5_ESt4hashIS5_ENSA_18_Mod_range_hashingENSA_20_Default_ranged_hashENSA_20_Prime_rehash_policyENSA_17_Hashtable_traitsILb1ELb0ELb1EEEE21_M_deallocate_bucketsEv
FNL:18,473,474
FNA:18,0,_ZNKSt10_HashtableINSt7__cxx1112basic_stringIcSt11char_traitsIcESaIcEEESt4pairIKS5_NS0_4listIS5_SaIS5_EEEESaISB_ENSt8__detail10_Select1stESt8equal_toIS5_ESt4hashIS5_ENSD_18_Mod_range_hashingENSD_20_Default_ranged_hashENSD_20_Prime_rehash_policyENSD_17_Hashtable_traitsILb1ELb0ELb1EEEE8_M_beginEv
FNA:18,0,_ZNKSt10_HashtableINSt7__cxx1112basic_stringIcSt11char_traitsIcESaIcEEESt4pairIKS5_bESaIS8_ENSt8__detail10_Select1stESt8equal_toIS5_ESt4hashIS5_ENSA_18_Mod_range_hashingENSA_20_Default_ranged_hashENSA_20_Prime_rehash_policyENSA_17_Hashtable_traitsILb1ELb0ELb1EEEE8_M_beginEv
FNL:19,539,539
FNA:19,0,_ZNSt10_HashtableINSt7__cxx1112basic_stringIcSt11char_traitsIcESaIcEEESt4pairIKS5_NS0_4listIS5_SaIS5_EEEESaISB_ENSt8__detail10_Select1stESt8equal_toIS5_ESt4hashIS5_ENSD_18_Mod_range_hashingENSD_20_Default_ranged_hashENSD_20_Prime_rehash_policyENSD_17_Hashtable_traitsILb1ELb0ELb1EEEEC1Ev
FNA:19,0,_ZNSt10_HashtableINSt7__cxx1112basic_stringIcSt11char_traitsIcESaIcEEESt4pairIKS5_bESaIS8_ENSt8__detail10_Select1stESt8equal_toIS5_ESt4hashIS5_ENSA_18_Mod_range_hashingENSA_20_Default_ranged_hashENSA_20_Prime_rehash_policyENSA_17_Hashtable_traitsILb1ELb0ELb1EEEEC1Ev
FNL:20,632,633
FNA:20,0,_ZNSt10_HashtableINSt7__cxx1112basic_stringIcSt11char_traitsIcESaIcEEESt4pairIKS5_NS0_4listIS5_SaIS5_EEEESaISB_ENSt8__detail10_Select1stESt8equal_toIS5_ESt4hashIS5_ENSD_18_Mod_range_hashingENSD_20_Default_ranged_hashENSD_20_Prime_rehash_policyENSD_17_Hashtable_traitsILb1ELb0ELb1EEEE5beginEv
FNA:20,0,_ZNSt10_HashtableINSt7__cxx1112basic_stringIcSt11char_traitsIcESaIcEEESt4pairIKS5_bESaIS8_ENSt8__detail10_Select1stESt8equal_toIS5_ESt4hashIS5_ENSA_18_Mod_range_hashingENSA_20_Default_ranged_hashENSA_20_Prime_rehash_policyENSA_17_Hashtable_traitsILb1ELb0ELb1EEEE5beginEv
FNL:21,640,641
FNA:21,0,_ZNSt10_HashtableINSt7__cxx1112basic_stringIcSt11char_traitsIcESaIcEEESt4pairIKS5_NS0_4listIS5_SaIS5_EEEESaISB_ENSt8__detail10_Select1stESt8equal_toIS5_ESt4hashIS5_ENSD_18_Mod_range_hashingENSD_20_Default_ranged_hashENSD_20_Prime_rehash_policyENSD_17_Hashtable_traitsILb1ELb0ELb1EEEE3endEv
FNA:21,0,_ZNSt10_HashtableINSt7__cxx1112basic_stringIcSt11char_traitsIcESaIcEEESt4pairIKS5_bESaIS8_ENSt8__detail10_Select1stESt8equal_toIS5_ESt4hashIS5_ENSA_18_Mod_range_hashingENSA_20_Default_ranged_hashENSA_20_Prime_rehash_policyENSA_17_Hashtable_traitsILb1ELb0ELb1EEEE3endEv
FNL:22,656,657
FNA:22,0,_ZNKSt10_HashtableINSt7__cxx1112basic_stringIcSt11char_traitsIcESaIcEEESt4pairIKS5_NS0_4listIS5_SaIS5_EEEESaISB_ENSt8__detail10_Select1stESt8equal_toIS5_ESt4hashIS5_ENSD_18_Mod_range_hashingENSD_20_Default_ranged_hashENSD_20_Prime_rehash_policyENSD_17_Hashtable_traitsILb1ELb0ELb1EEEE4sizeEv
FNA:22,0,_ZNKSt10_HashtableINSt7__cxx1112basic_stringIcSt11char_traitsIcESaIcEEESt4pairIKS5_bESaIS8_ENSt8__detail10_Select1stESt8equal_toIS5_ESt4hashIS5_ENSA_18_Mod_range_hashingENSA_20_Default_ranged_hashENSA_20_Prime_rehash_policyENSA_17_Hashtable_traitsILb1ELb0ELb1EEEE4sizeEv
FNL:23,799,800
FNA:23,0,_ZNKSt10_HashtableINSt7__cxx1112basic_stringIcSt11char_traitsIcESaIcEEESt4pairIKS5_NS0_4listIS5_SaIS5_EEEESaISB_ENSt8__detail10_Select1stESt8equal_toIS5_ESt4hashIS5_ENSD_18_Mod_range_hashingENSD_20_Default_ranged_hashENSD_20_Prime_rehash_policyENSD_17_Hashtable_traitsILb1ELb0ELb1EEEE15_M_bucket_indexERKNSD_16_Hash_node_valueISB_Lb1EEE
FNA:23,0,_ZNKSt10_HashtableINSt7__cxx1112basic_stringIcSt11char_traitsIcESaIcEEESt4pairIKS5_bESaIS8_ENSt8__detail10_Select1stESt8equal_toIS5_ESt4hashIS5_ENSA_18_Mod_range_hashingENSA_20_Default_ranged_hashENSA_20_Prime_rehash_policyENSA_17_Hashtable_traitsILb1ELb0ELb1EEEE15_M_bucket_indexERKNSA_16_Hash_node_valueIS8_Lb1EEE
FNL:24,803,804
FNA:24,0,_ZNKSt10_HashtableINSt7__cxx1112basic_stringIcSt11char_traitsIcESaIcEEESt4pairIKS5_NS0_4listIS5_SaIS5_EEEESaISB_ENSt8__detail10_Select1stESt8equal_toIS5_ESt4hashIS5_ENSD_18_Mod_range_hashingENSD_20_Default_ranged_hashENSD_20_Prime_rehash_policyENSD_17_Hashtable_traitsILb1ELb0ELb1EEEE15_M_bucket_indexEm
FNA:24,0,_ZNKSt10_HashtableINSt7__cxx1112basic_stringIcSt11char_traitsIcESaIcEEESt4pairIKS5_bESaIS8_ENSt8__detail10_Select1stESt8equal_toIS5_ESt4hashIS5_ENSA_18_Mod_range_hashingENSA_20_Default_ranged_hashENSA_20_Prime_rehash_policyENSA_17_Hashtable_traitsILb1ELb0ELb1EEEE15_M_bucket_indexEm
FNL:25,819,826
FNA:25,0,_ZNKSt10_HashtableINSt7__cxx1112basic_stringIcSt11char_traitsIcESaIcEEESt4pairIKS5_NS0_4listIS5_SaIS5_EEEESaISB_ENSt8__detail10_Select1stESt8equal_toIS5_ESt4hashIS5_ENSD_18_Mod_range_hashingENSD_20_Default_ranged_hashENSD_20_Prime_rehash_policyENSD_17_Hashtable_traitsILb1ELb0ELb1EEEE12_M_find_nodeEmRS7_m
FNA:25,0,_ZNKSt10_HashtableINSt7__cxx1112basic_stringIcSt11char_traitsIcESaIcEEESt4pairIKS5_bESaIS8_ENSt8__detail10_Select1stESt8equal_toIS5_ESt4hashIS5_ENSA_18_Mod_range_hashingENSA_20_Default_ranged_hashENSA_20_Prime_rehash_policyENSA_17_Hashtable_traitsILb1ELb0ELb1EEEE12_M_find_nodeEmRS7_m
FNL:26,841,865
FNA:26,0,_ZNSt10_HashtableINSt7__cxx1112basic_stringIcSt11char_traitsIcESaIcEEESt4pairIKS5_NS0_4listIS5_SaIS5_EEEESaISB_ENSt8__detail10_Select1stESt8equal_toIS5_ESt4hashIS5_ENSD_18_Mod_range_hashingENSD_20_Default_ranged_hashENSD_20_Prime_rehash_policyENSD_17_Hashtable_traitsILb1ELb0ELb1EEEE22_M_insert_bucket_beginEmPNSD_10_Hash_nodeISB_Lb1EEE
FNA:26,0,_ZNSt10_HashtableINSt7__cxx1112basic_stringIcSt11char_traitsIcESaIcEEESt4pairIKS5_bESaIS8_ENSt8__detail10_Select1stESt8equal_toIS5_ESt4hashIS5_ENSA_18_Mod_range_hashingENSA_20_Default_ranged_hashENSA_20_Prime_rehash_policyENSA_17_Hashtable_traitsILb1ELb0ELb1EEEE22_M_insert_bucket_beginEmPNSA_10_Hash_nodeIS8_Lb1EEE
FNF:27
FNH:0
DA:310,0
DA:311,0
DA:312,0
DA:313,0
DA:316,0
DA:329,0
DA:330,0
DA:407,0
DA:409,0
DA:410,0
DA:411,0
DA:414,0
DA:416,0
DA:417,0
DA:418,0
DA:421,0
DA:422,0
DA:429,0
DA:432,0
DA:439,0
DA:441,0
DA:443,0
DA:444,0
DA:447,0
DA:451,0
DA:453,0
DA:454,0
DA:456,0
DA:460,0
DA:461,0
DA:473,0
DA:474,0
DA:539,0
DA:632,0
DA:633,0
DA:640,0
DA:641,0
DA:656,0
DA:657,0
DA:799,0
DA:800,0
DA:803,0
DA:804,0
DA:819,0
DA:822,0
DA:823,0
DA:824,0
DA:825,0
DA:841,0
DA:843,0
DA:847,0
DA:848,0
DA:855,0
DA:856,0
DA:858,0
DA:861,0
DA:863,0
DA:865,0
DA:1415,0
DA:1419,0
DA:1420,0
DA:1421,0
DA:1425,0
DA:1426,0
DA:1430,0
DA:1432,0
DA:1433,0
DA:1434,0
DA:1437,0
DA:1438,0
DA:1440,0
DA:1441,0
DA:1442,0
DA:1443,0
DA:1444,0
DA:1445,0
DA:1446,0
DA:1449,0
DA:1451,0
DA:1452,0
DA:1453,0
DA:1454,0
DA:1532,0
DA:1539,0
DA:1541,0
DA:1542,0
DA:1543,0
DA:1544,0
DA:1546,0
DA:1547,0
DA:1548,0
DA:1654,0
DA:1667,0
DA:1668,0
DA:1669,0
DA:1723,0
DA:1728,0
DA:1730,0
DA:1731,0
DA:1732,0
DA:1733,0
DA:1736,0
DA:1737,0
DA:1738,0
DA:2061,0
DA:2067,0
DA:2068,0
DA:2069,0
DA:2071,0
DA:2072,0
DA:2074,0
DA:2075,0
DA:2077,0
DA:2078,0
DA:2079,0
DA:2082,0
DA:2224,0
DA:2230,0
DA:2232,0
DA:2235,0
DA:2237,0
DA:2238,0
DA:2241,0
DA:2242,0
DA:2245,0
DA:2246,0
DA:2247,0
DA:2248,0
DA:2580,0
DA:2584,0
DA:2585,0
DA:2586,0
DA:2587,0
DA:2588,0
DA:2589,0
DA:2619,0
DA:2623,0
DA:2624,0
DA:2625,0
DA:2626,0
DA:2627,0
DA:2629,0
DA:2631,0
DA:2632,0
DA:2634,0
DA:2635,0
DA:2636,0
DA:2637,0
DA:2638,0
DA:2639,0
DA:2643,0
DA:2644,0
DA:2647,0
DA:2650,0
DA:2651,0
DA:2652,0
DA:2653,0
LF:157
LH:0
end_of_record
TN:
SF:/opt/local/include/gcc14/c++/bits/hashtable_policy.h
FNL:0,112,113
FNA:0,0,_ZNKSt8__detail10_Select1stclIRKSt4pairIKNSt7__cxx1112basic_stringIcSt11char_traitsIcESaIcEEENS3_4listIS8_SaIS8_EEEEEEONS0_10__1st_typeIT_E4typeEOSH_
FNA:0,0,_ZNKSt8__detail10_Select1stclIRKSt4pairIKNSt7__cxx1112basic_stringIcSt11char_traitsIcESaIcEEEbEEEONS0_10__1st_typeIT_E4typeEOSE_
FNL:1,1243,1243
FNA:1,0,_ZNSt8__detail21_Hashtable_ebo_helperILi0ESaINS_10_Hash_nodeISt4pairIKNSt7__cxx1112basic_stringIcSt11char_traitsIcESaIcEEENS3_4listIS8_SaIS8_EEEELb1EEEELb1EEC2Ev
FNA:1,0,_ZNSt8__detail21_Hashtable_ebo_helperILi0ESaINS_10_Hash_nodeISt4pairIKNSt7__cxx1112basic_stringIcSt11char_traitsIcESaIcEEEbELb1EEEELb1EEC2Ev
FNA:1,10,_ZNSt8__detail21_Hashtable_ebo_helperILi0ESt8equal_toINSt7__cxx1112basic_stringIcSt11char_traitsIcESaIcEEEELb1EEC2Ev
FNA:1,5,_ZNSt8__detail21_Hashtable_ebo_helperILi1ESt4hashINSt7__cxx1112basic_stringIcSt11char_traitsIcESaIcEEEELb1EEC2Ev
FNL:2,1246,1248
FNA:2,0,_ZNSt8__detail21_Hashtable_ebo_helperILi0ESaINS_10_Hash_nodeISt4pairIKNSt7__cxx1112basic_stringIcSt11char_traitsIcESaIcEEENS3_4listIS8_SaIS8_EEEELb1EEEELb1EEC2ISF_EEOT_
FNL:3,1250,1250
FNA:3,0,_ZNKSt8__detail21_Hashtable_ebo_helperILi0ESaINS_10_Hash_nodeISt4pairIKNSt7__cxx1112basic_stringIcSt11char_traitsIcESaIcEEENS3_4listIS8_SaIS8_EEEELb1EEEELb1EE7_M_cgetEv
FNA:3,0,_ZNKSt8__detail21_Hashtable_ebo_helperILi0ESt8equal_toINSt7__cxx1112basic_stringIcSt11char_traitsIcESaIcEEEELb1EE7_M_cgetEv
FNA:3,0,_ZNKSt8__detail21_Hashtable_ebo_helperILi1ESt4hashINSt7__cxx1112basic_stringIcSt11char_traitsIcESaIcEEEELb1EE7_M_cgetEv
FNL:4,1251,1251
FNA:4,0,_ZNSt8__detail21_Hashtable_ebo_helperILi0ESaINS_10_Hash_nodeISt4pairIKNSt7__cxx1112basic_stringIcSt11char_traitsIcESaIcEEENS3_4listIS8_SaIS8_EEEELb1EEEELb1EE6_M_getEv
FNA:4,0,_ZNSt8__detail21_Hashtable_ebo_helperILi0ESaINS_10_Hash_nodeISt4pairIKNSt7__cxx1112basic_stringIcSt11char_traitsIcESaIcEEEbELb1EEEELb1EE6_M_getEv
FNL:5,1326,1326
FNA:5,0,_ZNSt8__detail15_Hash_code_baseINSt7__cxx1112basic_stringIcSt11char_traitsIcESaIcEEESt4pairIKS6_NS1_4listIS6_SaIS6_EEEENS_10_Select1stESt4hashIS6_ENS_18_Mod_range_hashingENS_20_Default_ranged_hashELb1EEC2Ev
FNA:5,0,_ZNSt8__detail15_Hash_code_baseINSt7__cxx1112basic_stringIcSt11char_traitsIcESaIcEEESt4pairIKS6_bENS_10_Select1stESt4hashIS6_ENS_18_Mod_range_hashingENS_20_Default_ranged_hashELb1EEC2Ev
FNL:6,1331,1336
FNA:6,0,_ZNKSt8__detail15_Hash_code_baseINSt7__cxx1112basic_stringIcSt11char_traitsIcESaIcEEESt4pairIKS6_NS1_4listIS6_SaIS6_EEEENS_10_Select1stESt4hashIS6_ENS_18_Mod_range_hashingENS_20_Default_ranged_hashELb1EE12_M_hash_codeERS8_
FNA:6,0,_ZNKSt8__detail15_Hash_code_baseINSt7__cxx1112basic_stringIcSt11char_traitsIcESaIcEEESt4pairIKS6_bENS_10_Select1stESt4hashIS6_ENS_18_Mod_range_hashingENS_20_Default_ranged_hashELb1EE12_M_hash_codeERS8_
FNL:7,1356,1357
FNA:7,0,_ZNKSt8__detail15_Hash_code_baseINSt7__cxx1112basic_stringIcSt11char_traitsIcESaIcEEESt4pairIKS6_NS1_4listIS6_SaIS6_EEEENS_10_Select1stESt4hashIS6_ENS_18_Mod_range_hashingENS_20_Default_ranged_hashELb1EE15_M_bucket_indexEmm
FNA:7,0,_ZNKSt8__detail15_Hash_code_baseINSt7__cxx1112basic_stringIcSt11char_traitsIcESaIcEEESt4pairIKS6_bENS_10_Select1stESt4hashIS6_ENS_18_Mod_range_hashingENS_20_Default_ranged_hashELb1EE15_M_bucket_indexEmm
FNL:8,1371,1375
FNA:8,0,_ZNKSt8__detail15_Hash_code_baseINSt7__cxx1112basic_stringIcSt11char_traitsIcESaIcEEESt4pairIKS6_NS1_4listIS6_SaIS6_EEEENS_10_Select1stESt4hashIS6_ENS_18_Mod_range_hashingENS_20_Default_ranged_hashELb1EE15_M_bucket_indexERKNS_16_Hash_node_valueISC_Lb1EEEm
FNA:8,0,_ZNKSt8__detail15_Hash_code_baseINSt7__cxx1112basic_stringIcSt11char_traitsIcESaIcEEESt4pairIKS6_bENS_10_Select1stESt4hashIS6_ENS_18_Mod_range_hashingENS_20_Default_ranged_hashELb1EE15_M_bucket_indexERKNS_16_Hash_node_valueIS9_Lb1EEEm
FNL:9,1387,1388
FNA:9,0,_ZNKSt8__detail15_Hash_code_baseINSt7__cxx1112basic_stringIcSt11char_traitsIcESaIcEEESt4pairIKS6_NS1_4listIS6_SaIS6_EEEENS_10_Select1stESt4hashIS6_ENS_18_Mod_range_hashingENS_20_Default_ranged_hashELb1EE13_M_store_codeERNS_21_Hash_node_code_cacheILb1EEEm
FNA:9,0,_ZNKSt8__detail15_Hash_code_baseINSt7__cxx1112basic_stringIcSt11char_traitsIcESaIcEEESt4pairIKS6_bENS_10_Select1stESt4hashIS6_ENS_18_Mod_range_hashingENS_20_Default_ranged_hashELb1EE13_M_store_codeERNS_21_Hash_node_code_cacheILb1EEEm
FNL:10,1391,1393
FNA:10,0,_ZNKSt8__detail15_Hash_code_baseINSt7__cxx1112basic_stringIcSt11char_traitsIcESaIcEEESt4pairIKS6_NS1_4listIS6_SaIS6_EEEENS_10_Select1stESt4hashIS6_ENS_18_Mod_range_hashingENS_20_Default_ranged_hashELb1EE12_M_copy_codeERNS_21_Hash_node_code_cacheILb1EEERKSK_
FNL:11,1400,1400
FNA:11,0,_ZNKSt8__detail15_Hash_code_baseINSt7__cxx1112basic_stringIcSt11char_traitsIcESaIcEEESt4pairIKS6_NS1_4listIS6_SaIS6_EEEENS_10_Select1stESt4hashIS6_ENS_18_Mod_range_hashingENS_20_Default_ranged_hashELb1EE7_M_hashEv
FNA:11,0,_ZNKSt8__detail15_Hash_code_baseINSt7__cxx1112basic_stringIcSt11char_traitsIcESaIcEEESt4pairIKS6_bENS_10_Select1stESt4hashIS6_ENS_18_Mod_range_hashingENS_20_Default_ranged_hashELb1EE7_M_hashEv
FNL:12,1717,1718
FNA:12,0,_ZNSt8__detail15_Hashtable_baseINSt7__cxx1112basic_stringIcSt11char_traitsIcESaIcEEESt4pairIKS6_NS1_4listIS6_SaIS6_EEEENS_10_Select1stESt8equal_toIS6_ESt4hashIS6_ENS_18_Mod_range_hashingENS_20_Default_ranged_hashENS_17_Hashtable_traitsILb1ELb0ELb1EEEE9_S_equalsEmRKNS_21_Hash_node_code_cacheILb1EEE
FNA:12,0,_ZNSt8__detail15_Hashtable_baseINSt7__cxx1112basic_stringIcSt11char_traitsIcESaIcEEESt4pairIKS6_bENS_10_Select1stESt8equal_toIS6_ESt4hashIS6_ENS_18_Mod_range_hashingENS_20_Default_ranged_hashENS_17_Hashtable_traitsILb1ELb0ELb1EEEE9_S_equalsEmRKNS_21_Hash_node_code_cacheILb1EEE
FNL:13,1726,1726
FNA:13,0,_ZNSt8__detail15_Hashtable_baseINSt7__cxx1112basic_stringIcSt11char_traitsIcESaIcEEESt4pairIKS6_NS1_4listIS6_SaIS6_EEEENS_10_Select1stESt8equal_toIS6_ESt4hashIS6_ENS_18_Mod_range_hashingENS_20_Default_ranged_hashENS_17_Hashtable_traitsILb1ELb0ELb1EEEEC2Ev
FNA:13,0,_ZNSt8__detail15_Hashtable_baseINSt7__cxx1112basic_stringIcSt11char_traitsIcESaIcEEESt4pairIKS6_bENS_10_Select1stESt8equal_toIS6_ESt4hashIS6_ENS_18_Mod_range_hashingENS_20_Default_ranged_hashENS_17_Hashtable_traitsILb1ELb0ELb1EEEEC2Ev
FNL:14,1733,1741
FNA:14,0,_ZNKSt8__detail15_Hashtable_baseINSt7__cxx1112basic_stringIcSt11char_traitsIcESaIcEEESt4pairIKS6_NS1_4listIS6_SaIS6_EEEENS_10_Select1stESt8equal_toIS6_ESt4hashIS6_ENS_18_Mod_range_hashingENS_20_Default_ranged_hashENS_17_Hashtable_traitsILb1ELb0ELb1EEEE13_M_key_equalsERS8_RKNS_16_Hash_node_valueISC_Lb1EEE
FNA:14,0,_ZNKSt8__detail15_Hashtable_baseINSt7__cxx1112basic_stringIcSt11char_traitsIcESaIcEEESt4pairIKS6_bENS_10_Select1stESt8equal_toIS6_ESt4hashIS6_ENS_18_Mod_range_hashingENS_20_Default_ranged_hashENS_17_Hashtable_traitsILb1ELb0ELb1EEEE13_M_key_equalsERS8_RKNS_16_Hash_node_valueIS9_Lb1EEE
FNL:15,1757,1759
FNA:15,0,_ZNKSt8__detail15_Hashtable_baseINSt7__cxx1112basic_stringIcSt11char_traitsIcESaIcEEESt4pairIKS6_NS1_4listIS6_SaIS6_EEEENS_10_Select1stESt8equal_toIS6_ESt4hashIS6_ENS_18_Mod_range_hashingENS_20_Default_ranged_hashENS_17_Hashtable_traitsILb1ELb0ELb1EEEE9_M_equalsERS8_mRKNS_16_Hash_node_valueISC_Lb1EEE
FNA:15,0,_ZNKSt8__detail15_Hashtable_baseINSt7__cxx1112basic_stringIcSt11char_traitsIcESaIcEEESt4pairIKS6_bENS_10_Select1stESt8equal_toIS6_ESt4hashIS6_ENS_18_Mod_range_hashingENS_20_Default_ranged_hashENS_17_Hashtable_traitsILb1ELb0ELb1EEEE9_M_equalsERS8_mRKNS_16_Hash_node_valueIS9_Lb1EEE
FNL:16,1785,1785
FNA:16,0,_ZNKSt8__detail15_Hashtable_baseINSt7__cxx1112basic_stringIcSt11char_traitsIcESaIcEEESt4pairIKS6_NS1_4listIS6_SaIS6_EEEENS_10_Select1stESt8equal_toIS6_ESt4hashIS6_ENS_18_Mod_range_hashingENS_20_Default_ranged_hashENS_17_Hashtable_traitsILb1ELb0ELb1EEEE5_M_eqEv
FNA:16,0,_ZNKSt8__detail15_Hashtable_baseINSt7__cxx1112basic_stringIcSt11char_traitsIcESaIcEEESt4pairIKS6_bENS_10_Select1stESt8equal_toIS6_ESt4hashIS6_ENS_18_Mod_range_hashingENS_20_Default_ranged_hashENS_17_Hashtable_traitsILb1ELb0ELb1EEEE5_M_eqEv
FNL:17,1968,1968
FNA:17,0,_ZNSt8__detail16_Hashtable_allocISaINS_10_Hash_nodeISt4pairIKNSt7__cxx1112basic_stringIcSt11char_traitsIcESaIcEEENS3_4listIS8_SaIS8_EEEELb1EEEEEC2Ev
FNA:17,0,_ZNSt8__detail16_Hashtable_allocISaINS_10_Hash_nodeISt4pairIKNSt7__cxx1112basic_stringIcSt11char_traitsIcESaIcEEEbELb1EEEEEC2Ev
FNL:18,1973,1975
FNA:18,0,_ZNSt8__detail16_Hashtable_allocISaINS_10_Hash_nodeISt4pairIKNSt7__cxx1112basic_stringIcSt11char_traitsIcESaIcEEENS3_4listIS8_SaIS8_EEEELb1EEEEEC2ISF_EEOT_
FNL:19,1978,1979
FNA:19,0,_ZNSt8__detail16_Hashtable_allocISaINS_10_Hash_nodeISt4pairIKNSt7__cxx1112basic_stringIcSt11char_traitsIcESaIcEEENS3_4listIS8_SaIS8_EEEELb1EEEEE17_M_node_allocatorEv
FNA:19,0,_ZNSt8__detail16_Hashtable_allocISaINS_10_Hash_nodeISt4pairIKNSt7__cxx1112basic_stringIcSt11char_traitsIcESaIcEEEbELb1EEEEE17_M_node_allocatorEv
FNL:20,1982,1983
FNA:20,0,_ZNKSt8__detail16_Hashtable_allocISaINS_10_Hash_nodeISt4pairIKNSt7__cxx1112basic_stringIcSt11char_traitsIcESaIcEEENS3_4listIS8_SaIS8_EEEELb1EEEEE17_M_node_allocatorEv
FNL:21,2015,2034
FNA:21,0,_ZNSt8__detail16_Hashtable_allocISaINS_10_Hash_nodeISt4pairIKNSt7__cxx1112basic_stringIcSt11char_traitsIcESaIcEEENS3_4listIS8_SaIS8_EEEELb1EEEEE16_M_allocate_nodeIJRKSD_EEEPSE_DpOT_
FNA:21,0,_ZNSt8__detail16_Hashtable_allocISaINS_10_Hash_nodeISt4pairIKNSt7__cxx1112basic_stringIcSt11char_traitsIcESaIcEEENS3_4listIS8_SaIS8_EEEELb1EEEEE16_M_allocate_nodeIJRKSt21piecewise_construct_tSt5tupleIJRS9_EESL_IJEEEEEPSE_DpOT_
FNA:21,0,_ZNSt8__detail16_Hashtable_allocISaINS_10_Hash_nodeISt4pairIKNSt7__cxx1112basic_stringIcSt11char_traitsIcESaIcEEEbELb1EEEEE16_M_allocate_nodeIJRKSt21piecewise_construct_tSt5tupleIJRS9_EESI_IJEEEEEPSB_DpOT_
FNL:22,2038,2042
FNA:22,0,_ZNSt8__detail16_Hashtable_allocISaINS_10_Hash_nodeISt4pairIKNSt7__cxx1112basic_stringIcSt11char_traitsIcESaIcEEENS3_4listIS8_SaIS8_EEEELb1EEEEE18_M_deallocate_nodeEPSE_
FNA:22,0,_ZNSt8__detail16_Hashtable_allocISaINS_10_Hash_nodeISt4pairIKNSt7__cxx1112basic_stringIcSt11char_traitsIcESaIcEEEbELb1EEEEE18_M_deallocate_nodeEPSB_
FNL:23,2046,2052
FNA:23,0,_ZNSt8__detail16_Hashtable_allocISaINS_10_Hash_nodeISt4pairIKNSt7__cxx1112basic_stringIcSt11char_traitsIcESaIcEEENS3_4listIS8_SaIS8_EEEELb1EEEEE22_M_deallocate_node_ptrEPSE_
FNA:23,0,_ZNSt8__detail16_Hashtable_allocISaINS_10_Hash_nodeISt4pairIKNSt7__cxx1112basic_stringIcSt11char_traitsIcESaIcEEEbELb1EEEEE22_M_deallocate_node_ptrEPSB_
FNL:24,2056,2064
FNA:24,0,_ZNSt8__detail16_Hashtable_allocISaINS_10_Hash_nodeISt4pairIKNSt7__cxx1112basic_stringIcSt11char_traitsIcESaIcEEENS3_4listIS8_SaIS8_EEEELb1EEEEE19_M_deallocate_nodesEPSE_
FNA:24,0,_ZNSt8__detail16_Hashtable_allocISaINS_10_Hash_nodeISt4pairIKNSt7__cxx1112basic_stringIcSt11char_traitsIcESaIcEEEbELb1EEEEE19_M_deallocate_nodesEPSB_
FNL:25,2068,2077
FNA:25,0,_ZNSt8__detail16_Hashtable_allocISaINS_10_Hash_nodeISt4pairIKNSt7__cxx1112basic_stringIcSt11char_traitsIcESaIcEEENS3_4listIS8_SaIS8_EEEELb1EEEEE19_M_allocate_bucketsEm
FNA:25,0,_ZNSt8__detail16_Hashtable_allocISaINS_10_Hash_nodeISt4pairIKNSt7__cxx1112basic_stringIcSt11char_traitsIcESaIcEEEbELb1EEEEE19_M_allocate_bucketsEm
FNL:26,2081,2089
FNA:26,0,_ZNSt8__detail16_Hashtable_allocISaINS_10_Hash_nodeISt4pairIKNSt7__cxx1112basic_stringIcSt11char_traitsIcESaIcEEENS3_4listIS8_SaIS8_EEEELb1EEEEE21_M_deallocate_bucketsEPPNS_15_Hash_node_baseEm
FNA:26,0,_ZNSt8__detail16_Hashtable_allocISaINS_10_Hash_nodeISt4pairIKNSt7__cxx1112basic_stringIcSt11char_traitsIcESaIcEEEbELb1EEEEE21_M_deallocate_bucketsEPPNS_15_Hash_node_baseEm
FNL:27,248,249
FNA:27,0,_ZNSt8__detail10_AllocNodeISaINS_10_Hash_nodeISt4pairIKNSt7__cxx1112basic_stringIcSt11char_traitsIcESaIcEEENS3_4listIS8_SaIS8_EEEELb1EEEEEC1ERNS_16_Hashtable_allocISF_EE
FNL:28,253,254
FNA:28,0,_ZNKSt8__detail10_AllocNodeISaINS_10_Hash_nodeISt4pairIKNSt7__cxx1112basic_stringIcSt11char_traitsIcESaIcEEENS3_4listIS8_SaIS8_EEEELb1EEEEEclIJRKSD_EEEPSE_DpOT_
FNL:29,303,304
FNA:29,10,_ZNSt8__detail22_Hashtable_hash_traitsISt4hashINSt7__cxx1112basic_stringIcSt11char_traitsIcESaIcEEEEE22__small_size_thresholdEv
FNL:30,319,319
FNA:30,10,_ZNSt8__detail15_Hash_node_baseC1Ev
FNA:30,0,_ZNSt8__detail15_Hash_node_baseC2Ev
FNL:31,386,387
FNA:31,0,_ZNKSt8__detail10_Hash_nodeISt4pairIKNSt7__cxx1112basic_stringIcSt11char_traitsIcESaIcEEENS2_4listIS7_SaIS7_EEEELb1EE7_M_nextEv
FNA:31,0,_ZNKSt8__detail10_Hash_nodeISt4pairIKNSt7__cxx1112basic_stringIcSt11char_traitsIcESaIcEEEbELb1EE7_M_nextEv
FNL:32,399,400
FNA:32,0,_ZNSt8__detail19_Node_iterator_baseISt4pairIKNSt7__cxx1112basic_stringIcSt11char_traitsIcESaIcEEENS2_4listIS7_SaIS7_EEEELb1EEC2EPNS_10_Hash_nodeISC_Lb1EEE
FNA:32,0,_ZNSt8__detail19_Node_iterator_baseISt4pairIKNSt7__cxx1112basic_stringIcSt11char_traitsIcESaIcEEEbELb1EEC2EPNS_10_Hash_nodeIS9_Lb1EEE
FNL:33,403,404
FNA:33,0,_ZNSt8__detail19_Node_iterator_baseISt4pairIKNSt7__cxx1112basic_stringIcSt11char_traitsIcESaIcEEENS2_4listIS7_SaIS7_EEEELb1EE7_M_incrEv
FNA:33,0,_ZNSt8__detail19_Node_iterator_baseISt4pairIKNSt7__cxx1112basic_stringIcSt11char_traitsIcESaIcEEEbELb1EE7_M_incrEv
FNL:34,407,409
FNA:34,0,_ZNSt8__detaileqERKNS_19_Node_iterator_baseISt4pairIKNSt7__cxx1112basic_stringIcSt11char_traitsIcESaIcEEENS2_4listIS7_SaIS7_EEEELb1EEESF_
FNL:35,413,415
FNA:35,0,_ZNSt8__detailneERKNS_19_Node_iterator_baseISt4pairIKNSt7__cxx1112basic_stringIcSt11char_traitsIcESaIcEEENS2_4listIS7_SaIS7_EEEELb1EEESF_
FNA:35,0,_ZNSt8__detailneERKNS_19_Node_iterator_baseISt4pairIKNSt7__cxx1112basic_stringIcSt11char_traitsIcESaIcEEEbELb1EEESC_
FNL:36,442,443
FNA:36,0,_ZNSt8__detail14_Node_iteratorISt4pairIKNSt7__cxx1112basic_stringIcSt11char_traitsIcESaIcEEENS2_4listIS7_SaIS7_EEEELb0ELb1EEC1EPNS_10_Hash_nodeISC_Lb1EEE
FNA:36,0,_ZNSt8__detail14_Node_iteratorISt4pairIKNSt7__cxx1112basic_stringIcSt11char_traitsIcESaIcEEEbELb0ELb1EEC1EPNS_10_Hash_nodeIS9_Lb1EEE
FNL:37,446,447
FNA:37,0,_ZNKSt8__detail14_Node_iteratorISt4pairIKNSt7__cxx1112basic_stringIcSt11char_traitsIcESaIcEEENS2_4listIS7_SaIS7_EEEELb0ELb1EEdeEv
FNA:37,0,_ZNKSt8__detail14_Node_iteratorISt4pairIKNSt7__cxx1112basic_stringIcSt11char_traitsIcESaIcEEEbELb0ELb1EEdeEv
FNL:38,450,451
FNA:38,0,_ZNKSt8__detail14_Node_iteratorISt4pairIKNSt7__cxx1112basic_stringIcSt11char_traitsIcESaIcEEENS2_4listIS7_SaIS7_EEEELb0ELb1EEptEv
FNA:38,0,_ZNKSt8__detail14_Node_iteratorISt4pairIKNSt7__cxx1112basic_stringIcSt11char_traitsIcESaIcEEEbELb0ELb1EEptEv
FNL:39,454,458
FNA:39,0,_ZNSt8__detail14_Node_iteratorISt4pairIKNSt7__cxx1112basic_stringIcSt11char_traitsIcESaIcEEENS2_4listIS7_SaIS7_EEEELb0ELb1EEppEv
FNA:39,0,_ZNSt8__detail14_Node_iteratorISt4pairIKNSt7__cxx1112basic_stringIcSt11char_traitsIcESaIcEEEbELb0ELb1EEppEv
FNL:40,532,534
FNA:40,0,_ZNKSt8__detail18_Mod_range_hashingclEmm
FNL:41,550,551
FNA:41,10,_ZNSt8__detail20_Prime_rehash_policyC1Ef
FNL:42,577,578
FNA:42,0,_ZNKSt8__detail20_Prime_rehash_policy8_M_stateEv
FNL:43,585,586
FNA:43,0,_ZNSt8__detail20_Prime_rehash_policy8_M_resetEm
FNL:44,730,733
FNA:44,0,_ZNSt8__detail17_RehashStateGuardINS_20_Prime_rehash_policyEEC1ERS1_
FNL:45,736,740
FNA:45,0,_ZNSt8__detail17_RehashStateGuardINS_20_Prime_rehash_policyEED1Ev
FNL:46,832,853
FNA:46,0,_ZNSt8__detail9_Map_baseINSt7__cxx1112basic_stringIcSt11char_traitsIcESaIcEEESt4pairIKS6_NS1_4listIS6_SaIS6_EEEESaISC_ENS_10_Select1stESt8equal_toIS6_ESt4hashIS6_ENS_18_Mod_range_hashingENS_20_Default_ranged_hashENS_20_Prime_rehash_policyENS_17_Hashtable_traitsILb1ELb0ELb1EEELb1EEixERS8_
FNA:46,0,_ZNSt8__detail9_Map_baseINSt7__cxx1112basic_stringIcSt11char_traitsIcESaIcEEESt4pairIKS6_bESaIS9_ENS_10_Select1stESt8equal_toIS6_ESt4hashIS6_ENS_18_Mod_range_hashingENS_20_Default_ranged_hashENS_20_Prime_rehash_policyENS_17_Hashtable_traitsILb1ELb0ELb1EEELb1EEixERS8_
FNF:47
FNH:4
DA:112,0
DA:113,0
DA:248,0
DA:249,0
DA:253,0
DA:254,0
DA:303,10
DA:304,10
DA:319,10
DA:339,0
DA:344,0
DA:349,0
DA:354,0
DA:386,0
DA:387,0
DA:399,0
DA:400,0
DA:403,0
DA:404,0
DA:407,0
DA:409,0
DA:413,0
DA:415,0
DA:442,0
DA:443,0
DA:446,0
DA:447,0
DA:450,0
DA:451,0
DA:454,0
DA:456,0
DA:457,0
DA:532,0
DA:534,0
DA:550,10
DA:551,10
DA:577,0
DA:578,0
DA:585,0
DA:586,0
DA:730,0
DA:731,0
DA:732,0
DA:733,0
DA:736,0
DA:738,0
DA:739,0
DA:740,0
DA:832,0
DA:837,0
DA:838,0
DA:839,0
DA:840,0
DA:841,0
DA:843,0
DA:846,0
DA:847,0
DA:850,0
DA:851,0
DA:852,0
DA:853,0
DA:1243,15
DA:1246,0
DA:1247,0
DA:1248,0
DA:1250,0
DA:1251,0
DA:1326,0
DA:1331,0
DA:1335,0
DA:1356,0
DA:1357,0
DA:1371,0
DA:1375,0
DA:1387,0
DA:1388,0
DA:1391,0
DA:1393,0
DA:1400,0
DA:1717,0
DA:1718,0
DA:1726,0
DA:1733,0
DA:1740,0
DA:1757,0
DA:1759,0
DA:1785,0
DA:1968,0
DA:1973,0
DA:1974,0
DA:1975,0
DA:1978,0
DA:1979,0
DA:1982,0
DA:1983,0
DA:2015,0
DA:2018,0
DA:2019,0
DA:2020,0
DA:2023,0
DA:2024,0
DA:2026,0
DA:2028,0
DA:2030,0
DA:2032,0
DA:2038,0
DA:2040,0
DA:2041,0
DA:2042,0
DA:2046,0
DA:2049,0
DA:2050,0
DA:2051,0
DA:2052,0
DA:2056,0
DA:2058,0
DA:2060,0
DA:2061,0
DA:2062,0
DA:2064,0
DA:2068,0
DA:2071,0
DA:2073,0
DA:2074,0
DA:2075,0
DA:2076,0
DA:2081,0
DA:2086,0
DA:2087,0
DA:2089,0
LF:130
LH:6
end_of_record
TN:
SF:/opt/local/include/gcc14/c++/bits/invoke.h
FNL:0,104,117
FNA:0,0,_ZSt10__invoke_rIbRNSt8__detail11_AnyMatcherINSt7__cxx1112regex_traitsIcEELb0ELb0ELb0EEEJcEENSt9enable_ifIX16is_invocable_r_vIT_T0_JDpT1_EEES8_E4typeEOS9_DpOSA_
FNA:0,0,_ZSt10__invoke_rIbRNSt8__detail11_AnyMatcherINSt7__cxx1112regex_traitsIcEELb0ELb0ELb1EEEJcEENSt9enable_ifIX16is_invocable_r_vIT_T0_JDpT1_EEES8_E4typeEOS9_DpOSA_
FNA:0,0,_ZSt10__invoke_rIbRNSt8__detail11_AnyMatcherINSt7__cxx1112regex_traitsIcEELb0ELb1ELb0EEEJcEENSt9enable_ifIX16is_invocable_r_vIT_T0_JDpT1_EEES8_E4typeEOS9_DpOSA_
FNA:0,0,_ZSt10__invoke_rIbRNSt8__detail11_AnyMatcherINSt7__cxx1112regex_traitsIcEELb0ELb1ELb1EEEJcEENSt9enable_ifIX16is_invocable_r_vIT_T0_JDpT1_EEES8_E4typeEOS9_DpOSA_
FNA:0,0,_ZSt10__invoke_rIbRNSt8__detail11_AnyMatcherINSt7__cxx1112regex_traitsIcEELb1ELb0ELb0EEEJcEENSt9enable_ifIX16is_invocable_r_vIT_T0_JDpT1_EEES8_E4typeEOS9_DpOSA_
FNA:0,0,_ZSt10__invoke_rIbRNSt8__detail11_AnyMatcherINSt7__cxx1112regex_traitsIcEELb1ELb0ELb1EEEJcEENSt9enable_ifIX16is_invocable_r_vIT_T0_JDpT1_EEES8_E4typeEOS9_DpOSA_
FNA:0,0,_ZSt10__invoke_rIbRNSt8__detail11_AnyMatcherINSt7__cxx1112regex_traitsIcEELb1ELb1ELb0EEEJcEENSt9enable_ifIX16is_invocable_r_vIT_T0_JDpT1_EEES8_E4typeEOS9_DpOSA_
FNA:0,0,_ZSt10__invoke_rIbRNSt8__detail11_AnyMatcherINSt7__cxx1112regex_traitsIcEELb1ELb1ELb1EEEJcEENSt9enable_ifIX16is_invocable_r_vIT_T0_JDpT1_EEES8_E4typeEOS9_DpOSA_
FNA:0,0,_ZSt10__invoke_rIbRNSt8__detail12_CharMatcherINSt7__cxx1112regex_traitsIcEELb0ELb0EEEJcEENSt9enable_ifIX16is_invocable_r_vIT_T0_JDpT1_EEES8_E4typeEOS9_DpOSA_
FNA:0,0,_ZSt10__invoke_rIbRNSt8__detail12_CharMatcherINSt7__cxx1112regex_traitsIcEELb0ELb1EEEJcEENSt9enable_ifIX16is_invocable_r_vIT_T0_JDpT1_EEES8_E4typeEOS9_DpOSA_
FNA:0,0,_ZSt10__invoke_rIbRNSt8__detail12_CharMatcherINSt7__cxx1112regex_traitsIcEELb1ELb0EEEJcEENSt9enable_ifIX16is_invocable_r_vIT_T0_JDpT1_EEES8_E4typeEOS9_DpOSA_
FNA:0,0,_ZSt10__invoke_rIbRNSt8__detail12_CharMatcherINSt7__cxx1112regex_traitsIcEELb1ELb1EEEJcEENSt9enable_ifIX16is_invocable_r_vIT_T0_JDpT1_EEES8_E4typeEOS9_DpOSA_
FNA:0,0,_ZSt10__invoke_rIbRNSt8__detail15_BracketMatcherINSt7__cxx1112regex_traitsIcEELb0ELb0EEEJcEENSt9enable_ifIX16is_invocable_r_vIT_T0_JDpT1_EEES8_E4typeEOS9_DpOSA_
FNA:0,0,_ZSt10__invoke_rIbRNSt8__detail15_BracketMatcherINSt7__cxx1112regex_traitsIcEELb0ELb1EEEJcEENSt9enable_ifIX16is_invocable_r_vIT_T0_JDpT1_EEES8_E4typeEOS9_DpOSA_
FNA:0,0,_ZSt10__invoke_rIbRNSt8__detail15_BracketMatcherINSt7__cxx1112regex_traitsIcEELb1ELb0EEEJcEENSt9enable_ifIX16is_invocable_r_vIT_T0_JDpT1_EEES8_E4typeEOS9_DpOSA_
FNA:0,0,_ZSt10__invoke_rIbRNSt8__detail15_BracketMatcherINSt7__cxx1112regex_traitsIcEELb1ELb1EEEJcEENSt9enable_ifIX16is_invocable_r_vIT_T0_JDpT1_EEES8_E4typeEOS9_DpOSA_
FNL:1,60,61
FNA:1,0,_ZSt13__invoke_implIbRNSt8__detail11_AnyMatcherINSt7__cxx1112regex_traitsIcEELb0ELb0ELb0EEEJcEET_St14__invoke_otherOT0_DpOT1_
FNA:1,0,_ZSt13__invoke_implIbRNSt8__detail11_AnyMatcherINSt7__cxx1112regex_traitsIcEELb0ELb0ELb1EEEJcEET_St14__invoke_otherOT0_DpOT1_
FNA:1,0,_ZSt13__invoke_implIbRNSt8__detail11_AnyMatcherINSt7__cxx1112regex_traitsIcEELb0ELb1ELb0EEEJcEET_St14__invoke_otherOT0_DpOT1_
FNA:1,0,_ZSt13__invoke_implIbRNSt8__detail11_AnyMatcherINSt7__cxx1112regex_traitsIcEELb0ELb1ELb1EEEJcEET_St14__invoke_otherOT0_DpOT1_
FNA:1,0,_ZSt13__invoke_implIbRNSt8__detail11_AnyMatcherINSt7__cxx1112regex_traitsIcEELb1ELb0ELb0EEEJcEET_St14__invoke_otherOT0_DpOT1_
FNA:1,0,_ZSt13__invoke_implIbRNSt8__detail11_AnyMatcherINSt7__cxx1112regex_traitsIcEELb1ELb0ELb1EEEJcEET_St14__invoke_otherOT0_DpOT1_
FNA:1,0,_ZSt13__invoke_implIbRNSt8__detail11_AnyMatcherINSt7__cxx1112regex_traitsIcEELb1ELb1ELb0EEEJcEET_St14__invoke_otherOT0_DpOT1_
FNA:1,0,_ZSt13__invoke_implIbRNSt8__detail11_AnyMatcherINSt7__cxx1112regex_traitsIcEELb1ELb1ELb1EEEJcEET_St14__invoke_otherOT0_DpOT1_
FNA:1,0,_ZSt13__invoke_implIbRNSt8__detail12_CharMatcherINSt7__cxx1112regex_traitsIcEELb0ELb0EEEJcEET_St14__invoke_otherOT0_DpOT1_
FNA:1,0,_ZSt13__invoke_implIbRNSt8__detail12_CharMatcherINSt7__cxx1112regex_traitsIcEELb0ELb1EEEJcEET_St14__invoke_otherOT0_DpOT1_
FNA:1,0,_ZSt13__invoke_implIbRNSt8__detail12_CharMatcherINSt7__cxx1112regex_traitsIcEELb1ELb0EEEJcEET_St14__invoke_otherOT0_DpOT1_
FNA:1,0,_ZSt13__invoke_implIbRNSt8__detail12_CharMatcherINSt7__cxx1112regex_traitsIcEELb1ELb1EEEJcEET_St14__invoke_otherOT0_DpOT1_
FNA:1,0,_ZSt13__invoke_implIbRNSt8__detail15_BracketMatcherINSt7__cxx1112regex_traitsIcEELb0ELb0EEEJcEET_St14__invoke_otherOT0_DpOT1_
FNA:1,0,_ZSt13__invoke_implIbRNSt8__detail15_BracketMatcherINSt7__cxx1112regex_traitsIcEELb0ELb1EEEJcEET_St14__invoke_otherOT0_DpOT1_
FNA:1,0,_ZSt13__invoke_implIbRNSt8__detail15_BracketMatcherINSt7__cxx1112regex_traitsIcEELb1ELb0EEEJcEET_St14__invoke_otherOT0_DpOT1_
FNA:1,0,_ZSt13__invoke_implIbRNSt8__detail15_BracketMatcherINSt7__cxx1112regex_traitsIcEELb1ELb1EEEJcEET_St14__invoke_otherOT0_DpOT1_
FNF:2
FNH:0
DA:60,0
DA:61,0
DA:104,0
DA:114,0
DA:116,0
LF:5
LH:0
end_of_record
TN:
SF:/opt/local/include/gcc14/c++/bits/ios_base.h
FNL:0,104,105
FNA:0,0,_ZStoRRSt13_Ios_FmtflagsS_
FNL:1,1087,1091
FNA:1,0,_ZSt3hexRSt8ios_base
FNL:2,109,110
FNA:2,0,_ZStaNRSt13_Ios_FmtflagsS_
FNL:3,1095,1099
FNA:3,0,_ZSt3octRSt8ios_base
FNL:4,726,732
FNA:4,0,_ZNSt8ios_base4setfESt13_Ios_FmtflagsS0_
FNL:5,84,85
FNA:5,0,_ZStanSt13_Ios_FmtflagsS_
FNL:6,872,877
FNA:6,0,_ZNSt8ios_base5iwordEi
FNL:7,89,90
FNA:7,0,_ZStorSt13_Ios_FmtflagsS_
FNL:8,99,100
FNA:8,0,_ZStcoSt13_Ios_Fmtflags
FNF:9
FNH:0
DA:84,0
DA:85,0
DA:89,0
DA:90,0
DA:99,0
DA:100,0
DA:104,0
DA:105,0
DA:109,0
DA:110,0
DA:726,0
DA:728,0
DA:729,0
DA:730,0
DA:731,0
DA:872,0
DA:874,0
DA:875,0
DA:876,0
DA:1087,0
DA:1089,0
DA:1090,0
DA:1095,0
DA:1097,0
DA:1098,0
LF:25
LH:0
end_of_record
TN:
SF:/opt/local/include/gcc14/c++/bits/list.tcc
FNL:0,133,145
FNA:0,0,_ZNSt7__cxx114listINS_12basic_stringIcSt11char_traitsIcESaIcEEESaIS5_EE6insertISt20_List_const_iteratorIS5_EvEESt14_List_iteratorIS5_ESA_T_SD_
FNL:1,150,160
FNA:1,0,_ZNSt7__cxx114listINS_12basic_stringIcSt11char_traitsIcESaIcEEESaIS5_EE5eraseESt20_List_const_iteratorIS5_E
FNL:2,267,289
FNA:2,0,_ZNSt7__cxx114listINS_12basic_stringIcSt11char_traitsIcESaIcEEESaIS5_EEaSERKS7_
FNL:3,308,321
FNA:3,0,_ZNSt7__cxx114listINS_12basic_stringIcSt11char_traitsIcESaIcEEESaIS5_EE18_M_assign_dispatchISt20_List_const_iteratorIS5_EEEvT_SB_St12__false_type
FNL:4,66,83
FNA:4,0,_ZNSt7__cxx1110_List_baseINS_12basic_stringIcSt11char_traitsIcESaIcEEESaIS5_EE8_M_clearEv
FNA:4,0,_ZNSt7__cxx1110_List_baseIcSaIcEE8_M_clearEv
FNF:5
FNH:0
DA:66,0
DA:70,0
DA:71,0
DA:73,0
DA:74,0
DA:75,0
DA:77,0
DA:81,0
DA:83,0
DA:133,0
DA:137,0
DA:138,0
DA:140,0
DA:141,0
DA:142,0
DA:144,0
DA:145,0
DA:150,0
DA:157,0
DA:158,0
DA:159,0
DA:267,0
DA:270,0
DA:273,0
DA:275,0
DA:276,0
DA:277,0
DA:278,0
DA:281,0
DA:286,0
DA:288,0
DA:308,0
DA:312,0
DA:313,0
DA:314,0
DA:315,0
DA:316,0
DA:317,0
DA:318,0
DA:320,0
DA:321,0
LF:41
LH:0
end_of_record
TN:
SF:/opt/local/include/gcc14/c++/bits/locale_classes.tcc
FNL:0,195,206
FNA:0,0,_ZSt9use_facetIKSt5ctypeIcEERKT_RKSt6locale
FNL:1,94,149
FNA:1,0,_ZSt15__try_use_facetIKSt5ctypeIcEEPKT_RKSt6locale
FNF:2
FNH:0
DA:94,0
DA:96,0
DA:97,0
DA:141,0
DA:142,0
DA:145,0
DA:195,0
DA:203,0
DA:204,0
DA:205,0
LF:10
LH:0
end_of_record
TN:
SF:/opt/local/include/gcc14/c++/bits/locale_facets.h
FNL:0,810,811
FNA:0,0,_ZNKSt5ctypeIcE7toupperEc
FNL:1,843,844
FNA:1,0,_ZNKSt5ctypeIcE7tolowerEc
FNL:2,860,861
FNA:2,0,_ZNKSt5ctypeIcE7tolowerEPcPKc
FNL:3,880,886
FNA:3,0,_ZNKSt5ctypeIcE5widenEc
FNL:4,939,947
FNA:4,0,_ZNKSt5ctypeIcE6narrowEcc
FNF:5
FNH:0
DA:810,0
DA:811,0
DA:843,0
DA:844,0
DA:860,0
DA:861,0
DA:880,0
DA:882,0
DA:883,0
DA:884,0
DA:885,0
DA:939,0
DA:941,0
DA:942,0
DA:943,0
DA:944,0
DA:945,0
DA:946,0
LF:18
LH:0
end_of_record
TN:
SF:/opt/local/include/gcc14/c++/bits/move.h
FNL:0,126,127
FNA:0,0,_ZSt4moveIRN9__gnu_cxx5__ops15_Iter_less_iterEEONSt16remove_referenceIT_E4typeEOS5_
FNA:0,0,_ZSt4moveIRNSt12_Vector_baseINSt7__cxx1112basic_stringIcSt11char_traitsIcESaIcEEESaIS6_EE12_Vector_implEEONSt16remove_referenceIT_E4typeEOSC_
FNA:0,0,_ZSt4moveIRNSt12_Vector_baseINSt7__cxx1112regex_traitsIcE10_RegexMaskESaIS4_EE12_Vector_implEEONSt16remove_referenceIT_E4typeEOSA_
FNA:0,0,_ZSt4moveIRNSt12_Vector_baseINSt7__cxx119sub_matchIN9__gnu_cxx17__normal_iteratorIPcNS1_12basic_stringIcSt11char_traitsIcESaIcEEEEEEESaISC_EE12_Vector_implEEONSt16remove_referenceIT_E4typeEOSI_
FNA:0,0,_ZSt4moveIRNSt12_Vector_baseISt4pairINSt7__cxx1112basic_stringIcSt11char_traitsIcESaIcEEES7_ESaIS8_EE12_Vector_implEEONSt16remove_referenceIT_E4typeEOSE_
FNA:0,0,_ZSt4moveIRNSt12_Vector_baseISt4pairIccESaIS2_EE12_Vector_implEEONSt16remove_referenceIT_E4typeEOS8_
FNA:0,0,_ZSt4moveIRNSt12_Vector_baseISt4pairIlSt6vectorINSt7__cxx119sub_matchIN9__gnu_cxx17__normal_iteratorIPcNS3_12basic_stringIcSt11char_traitsIcESaIcEEEEEEESaISE_EEESaISH_EE12_Vector_implEEONSt16remove_referenceIT_E4typeEOSN_
FNA:0,0,_ZSt4moveIRNSt12_Vector_baseIcSaIcEE12_Vector_implEEONSt16remove_referenceIT_E4typeEOS6_
FNA:0,104,_ZSt4moveIRNSt7__cxx1112basic_stringIcSt11char_traitsIcESaIcEEEEONSt16remove_referenceIT_E4typeEOS8_
FNA:0,0,_ZSt4moveIRNSt7__cxx1112regex_traitsIcE10_RegexMaskEEONSt16remove_referenceIT_E4typeEOS6_
FNA:0,0,_ZSt4moveIRNSt7__cxx114listINS0_12basic_stringIcSt11char_traitsIcESaIcEEESaIS6_EEEEONSt16remove_referenceIT_E4typeEOSB_
FNA:0,0,_ZSt4moveIRNSt8__detail15_BracketMatcherINSt7__cxx1112regex_traitsIcEELb0ELb0EEEEONSt16remove_referenceIT_E4typeEOS8_
FNA:0,0,_ZSt4moveIRNSt8__detail15_BracketMatcherINSt7__cxx1112regex_traitsIcEELb0ELb1EEEEONSt16remove_referenceIT_E4typeEOS8_
FNA:0,0,_ZSt4moveIRNSt8__detail15_BracketMatcherINSt7__cxx1112regex_traitsIcEELb1ELb0EEEEONSt16remove_referenceIT_E4typeEOS8_
FNA:0,0,_ZSt4moveIRNSt8__detail15_BracketMatcherINSt7__cxx1112regex_traitsIcEELb1ELb1EEEEONSt16remove_referenceIT_E4typeEOS8_
FNA:0,0,_ZSt4moveIRNSt8__detail6_StateIcEEEONSt16remove_referenceIT_E4typeEOS5_
FNA:0,0,_ZSt4moveIRNSt8__detail9_StateSeqINSt7__cxx1112regex_traitsIcEEEEEONSt16remove_referenceIT_E4typeEOS8_
FNA:0,0,_ZSt4moveIRPFbRKSt9_Any_dataOcEEONSt16remove_referenceIT_E4typeEOS8_
FNA:0,0,_ZSt4moveIRPFbRSt9_Any_dataRKS0_St18_Manager_operationEEONSt16remove_referenceIT_E4typeEOS9_
FNA:0,0,_ZSt4moveIRPKNSt8__detail4_NFAINSt7__cxx1112regex_traitsIcEEEEEONSt16remove_referenceIT_E4typeEOSA_
FNA:0,0,_ZSt4moveIRPNSt7__cxx1112basic_stringIcSt11char_traitsIcESaIcEEEEONSt16remove_referenceIT_E4typeEOS9_
FNA:0,0,_ZSt4moveIRPNSt7__cxx1118basic_stringstreamIcSt11char_traitsIcESaIcEEEEONSt16remove_referenceIT_E4typeEOS9_
FNA:0,0,_ZSt4moveIRSaINSt7__cxx119sub_matchIN9__gnu_cxx17__normal_iteratorIPcNS0_12basic_stringIcSt11char_traitsIcESaIcEEEEEEEEEONSt16remove_referenceIT_E4typeEOSF_
FNA:0,0,_ZSt4moveIRSaISt10_List_nodeINSt7__cxx1112basic_stringIcSt11char_traitsIcESaIcEEEEEEONSt16remove_referenceIT_E4typeEOSB_
FNA:0,0,_ZSt4moveIRSt10shared_ptrIKNSt8__detail4_NFAINSt7__cxx1112regex_traitsIcEEEEEEONSt16remove_referenceIT_E4typeEOSB_
FNA:0,0,_ZSt4moveIRSt10shared_ptrINSt8__detail4_NFAINSt7__cxx1112regex_traitsIcEEEEEEONSt16remove_referenceIT_E4typeEOSA_
FNA:0,0,_ZSt4moveIRSt12__shared_ptrIKNSt8__detail4_NFAINSt7__cxx1112regex_traitsIcEEEELN9__gnu_cxx12_Lock_policyE2EEEONSt16remove_referenceIT_E4typeEOSD_
FNA:0,0,_ZSt4moveIRSt4pairIKNSt7__cxx1112basic_stringIcSt11char_traitsIcESaIcEEENS1_4listIS6_SaIS6_EEEEEONSt16remove_referenceIT_E4typeEOSE_
FNA:0,0,_ZSt4moveIRSt4pairINSt7__cxx1112basic_stringIcSt11char_traitsIcESaIcEEES6_EEONSt16remove_referenceIT_E4typeEOSA_
FNA:0,0,_ZSt4moveIRSt4pairIccEEONSt16remove_referenceIT_E4typeEOS4_
FNA:0,0,_ZSt4moveIRSt4pairIlSt6vectorINSt7__cxx119sub_matchIN9__gnu_cxx17__normal_iteratorIPcNS2_12basic_stringIcSt11char_traitsIcESaIcEEEEEEESaISD_EEEEONSt16remove_referenceIT_E4typeEOSJ_
FNA:0,0,_ZSt4moveIRSt6localeEONSt16remove_referenceIT_E4typeEOS3_
FNA:0,0,_ZSt4moveIRSt6vectorINSt7__cxx119sub_matchIN9__gnu_cxx17__normal_iteratorIPcNS1_12basic_stringIcSt11char_traitsIcESaIcEEEEEEESaISC_EEEONSt16remove_referenceIT_E4typeEOSH_
FNA:0,0,_ZSt4moveIRSt6vectorISt4pairIlS0_INSt7__cxx119sub_matchIN9__gnu_cxx17__normal_iteratorIPcNS2_12basic_stringIcSt11char_traitsIcESaIcEEEEEEESaISD_EEESaISG_EEEONSt16remove_referenceIT_E4typeEOSL_
FNA:0,0,_ZSt4moveIRSt8functionIFbcEEEONSt16remove_referenceIT_E4typeEOS5_
FNA:0,0,_ZSt4moveIRSt9_Any_dataEONSt16remove_referenceIT_E4typeEOS3_
FNA:0,0,_ZSt4moveIRcEONSt16remove_referenceIT_E4typeEOS2_
FNA:0,0,_ZSt4moveIRlEONSt16remove_referenceIT_E4typeEOS2_
FNL:1,162,163
FNA:1,0,_ZSt9addressofINSt8__detail10_Hash_nodeISt4pairIKNSt7__cxx1112basic_stringIcSt11char_traitsIcESaIcEEENS3_4listIS8_SaIS8_EEEELb1EEEEPT_RSF_
FNA:1,0,_ZSt9addressofINSt8__detail10_Hash_nodeISt4pairIKNSt7__cxx1112basic_stringIcSt11char_traitsIcESaIcEEEbELb1EEEEPT_RSC_
FNA:1,0,_ZSt9addressofIPNSt8__detail15_Hash_node_baseEEPT_RS3_
FNL:2,213,224
FNA:2,0,_ZSt4swapIPFbRKSt9_Any_dataOcEENSt9enable_ifIXsrSt6__and_IJSt6__not_ISt15__is_tuple_likeIT_EESt21is_move_constructibleISA_ESt18is_move_assignableISA_EEE5valueEvE4typeERSA_SK_
FNA:2,0,_ZSt4swapIPFbRSt9_Any_dataRKS0_St18_Manager_operationEENSt9enable_ifIXsrSt6__and_IJSt6__not_ISt15__is_tuple_likeIT_EESt21is_move_constructibleISB_ESt18is_move_assignableISB_EEE5valueEvE4typeERSB_SL_
FNA:2,0,_ZSt4swapIPKNSt8__detail4_NFAINSt7__cxx1112regex_traitsIcEEEEENSt9enable_ifIXsrSt6__and_IJSt6__not_ISt15__is_tuple_likeIT_EESt21is_move_constructibleISC_ESt18is_move_assignableISC_EEE5valueEvE4typeERSC_SM_
FNA:2,0,_ZSt4swapISt6localeENSt9enable_ifIXsrSt6__and_IJSt6__not_ISt15__is_tuple_likeIT_EESt21is_move_constructibleIS5_ESt18is_move_assignableIS5_EEE5valueEvE4typeERS5_SF_
FNA:2,0,_ZSt4swapISt9_Any_dataENSt9enable_ifIXsrSt6__and_IJSt6__not_ISt15__is_tuple_likeIT_EESt21is_move_constructibleIS5_ESt18is_move_assignableIS5_EEE5valueEvE4typeERS5_SF_
FNA:2,0,_ZSt4swapIcENSt9enable_ifIXsrSt6__and_IJSt6__not_ISt15__is_tuple_likeIT_EESt21is_move_constructibleIS4_ESt18is_move_assignableIS4_EEE5valueEvE4typeERS4_SE_
FNA:2,0,_ZSt4swapIlENSt9enable_ifIXsrSt6__and_IJSt6__not_ISt15__is_tuple_likeIT_EESt21is_move_constructibleIS4_ESt18is_move_assignableIS4_EEE5valueEvE4typeERS4_SE_
FNL:3,51,52
FNA:3,0,_ZSt11__addressofIKNSt7__cxx114listINS0_12basic_stringIcSt11char_traitsIcESaIcEEESaIS6_EEEEPT_RSA_
FNA:3,0,_ZSt11__addressofIKNSt8__detail11_AnyMatcherINSt7__cxx1112regex_traitsIcEELb0ELb0ELb0EEEEPT_RS7_
FNA:3,0,_ZSt11__addressofIKNSt8__detail11_AnyMatcherINSt7__cxx1112regex_traitsIcEELb0ELb0ELb1EEEEPT_RS7_
FNA:3,0,_ZSt11__addressofIKNSt8__detail11_AnyMatcherINSt7__cxx1112regex_traitsIcEELb0ELb1ELb0EEEEPT_RS7_
FNA:3,0,_ZSt11__addressofIKNSt8__detail11_AnyMatcherINSt7__cxx1112regex_traitsIcEELb0ELb1ELb1EEEEPT_RS7_
FNA:3,0,_ZSt11__addressofIKNSt8__detail11_AnyMatcherINSt7__cxx1112regex_traitsIcEELb1ELb0ELb0EEEEPT_RS7_
FNA:3,0,_ZSt11__addressofIKNSt8__detail11_AnyMatcherINSt7__cxx1112regex_traitsIcEELb1ELb0ELb1EEEEPT_RS7_
FNA:3,0,_ZSt11__addressofIKNSt8__detail11_AnyMatcherINSt7__cxx1112regex_traitsIcEELb1ELb1ELb0EEEEPT_RS7_
FNA:3,0,_ZSt11__addressofIKNSt8__detail11_AnyMatcherINSt7__cxx1112regex_traitsIcEELb1ELb1ELb1EEEEPT_RS7_
FNA:3,0,_ZSt11__addressofIKNSt8__detail12_CharMatcherINSt7__cxx1112regex_traitsIcEELb0ELb0EEEEPT_RS7_
FNA:3,0,_ZSt11__addressofIKNSt8__detail12_CharMatcherINSt7__cxx1112regex_traitsIcEELb0ELb1EEEEPT_RS7_
FNA:3,0,_ZSt11__addressofIKNSt8__detail12_CharMatcherINSt7__cxx1112regex_traitsIcEELb1ELb0EEEEPT_RS7_
FNA:3,0,_ZSt11__addressofIKNSt8__detail12_CharMatcherINSt7__cxx1112regex_traitsIcEELb1ELb1EEEEPT_RS7_
FNA:3,0,_ZSt11__addressofIKSt6vectorINSt7__cxx119sub_matchIN9__gnu_cxx17__normal_iteratorIPcNS1_12basic_stringIcSt11char_traitsIcESaIcEEEEEEESaISC_EEEPT_RSG_
FNA:3,0,_ZSt11__addressofINSt7__cxx1112basic_stringIcSt11char_traitsIcESaIcEEEEPT_RS6_
FNA:3,0,_ZSt11__addressofINSt7__cxx1112regex_traitsIcE10_RegexMaskEEPT_RS4_
FNA:3,0,_ZSt11__addressofINSt7__cxx119sub_matchIN9__gnu_cxx17__normal_iteratorIPcNS0_12basic_stringIcSt11char_traitsIcESaIcEEEEEEEEPT_RSC_
FNA:3,0,_ZSt11__addressofINSt8__detail10_Hash_nodeISt4pairIKNSt7__cxx1112basic_stringIcSt11char_traitsIcESaIcEEENS3_4listIS8_SaIS8_EEEELb1EEEEPT_RSF_
FNA:3,0,_ZSt11__addressofINSt8__detail10_Hash_nodeISt4pairIKNSt7__cxx1112basic_stringIcSt11char_traitsIcESaIcEEEbELb1EEEEPT_RSC_
FNA:3,0,_ZSt11__addressofINSt8__detail20_Prime_rehash_policyEEPT_RS2_
FNA:3,0,_ZSt11__addressofINSt8__detail6_StateIcEEEPT_RS3_
FNA:3,0,_ZSt11__addressofIPNSt8__detail15_Hash_node_baseEEPT_RS3_
FNA:3,0,_ZSt11__addressofISaISt10_List_nodeINSt7__cxx1112basic_stringIcSt11char_traitsIcESaIcEEEEEEPT_RS9_
FNA:3,0,_ZSt11__addressofISaISt10_List_nodeIcEEEPT_RS3_
FNA:3,0,_ZSt11__addressofISaISt23_Sp_counted_ptr_inplaceINSt8__detail4_NFAINSt7__cxx1112regex_traitsIcEEEESaIvELN9__gnu_cxx12_Lock_policyE2EEEEPT_RSC_
FNA:3,0,_ZSt11__addressofISt4pairIN9__gnu_cxx17__normal_iteratorIPcNSt7__cxx1112basic_stringIcSt11char_traitsIcESaIcEEEEEiEEPT_RSC_
FNA:3,0,_ZSt11__addressofISt4pairINSt7__cxx1112basic_stringIcSt11char_traitsIcESaIcEEES6_EEPT_RS8_
FNA:3,0,_ZSt11__addressofISt4pairIccEEPT_RS2_
FNA:3,0,_ZSt11__addressofISt4pairIlSt6vectorINSt7__cxx119sub_matchIN9__gnu_cxx17__normal_iteratorIPcNS2_12basic_stringIcSt11char_traitsIcESaIcEEEEEEESaISD_EEEEPT_RSH_
FNA:3,0,_ZSt11__addressofIcEPT_RS0_
FNL:4,70,71
FNA:4,48,_ZSt7forwardINSt7__cxx1112basic_stringIcSt11char_traitsIcESaIcEEEEOT_RNSt16remove_referenceIS6_E4typeE
FNA:4,0,_ZSt7forwardINSt7__cxx1112regex_traitsIcE10_RegexMaskEEOT_RNSt16remove_referenceIS4_E4typeE
FNA:4,0,_ZSt7forwardINSt8__detail11_AnyMatcherINSt7__cxx1112regex_traitsIcEELb0ELb0ELb0EEEEOT_RNSt16remove_referenceIS6_E4typeE
FNA:4,0,_ZSt7forwardINSt8__detail11_AnyMatcherINSt7__cxx1112regex_traitsIcEELb0ELb0ELb1EEEEOT_RNSt16remove_referenceIS6_E4typeE
FNA:4,0,_ZSt7forwardINSt8__detail11_AnyMatcherINSt7__cxx1112regex_traitsIcEELb0ELb1ELb0EEEEOT_RNSt16remove_referenceIS6_E4typeE
FNA:4,0,_ZSt7forwardINSt8__detail11_AnyMatcherINSt7__cxx1112regex_traitsIcEELb0ELb1ELb1EEEEOT_RNSt16remove_referenceIS6_E4typeE
FNA:4,0,_ZSt7forwardINSt8__detail11_AnyMatcherINSt7__cxx1112regex_traitsIcEELb1ELb0ELb0EEEEOT_RNSt16remove_referenceIS6_E4typeE
FNA:4,0,_ZSt7forwardINSt8__detail11_AnyMatcherINSt7__cxx1112regex_traitsIcEELb1ELb0ELb1EEEEOT_RNSt16remove_referenceIS6_E4typeE
FNA:4,0,_ZSt7forwardINSt8__detail11_AnyMatcherINSt7__cxx1112regex_traitsIcEELb1ELb1ELb0EEEEOT_RNSt16remove_referenceIS6_E4typeE
FNA:4,0,_ZSt7forwardINSt8__detail11_AnyMatcherINSt7__cxx1112regex_traitsIcEELb1ELb1ELb1EEEEOT_RNSt16remove_referenceIS6_E4typeE
FNA:4,0,_ZSt7forwardINSt8__detail12_CharMatcherINSt7__cxx1112regex_traitsIcEELb0ELb0EEEEOT_RNSt16remove_referenceIS6_E4typeE
FNA:4,0,_ZSt7forwardINSt8__detail12_CharMatcherINSt7__cxx1112regex_traitsIcEELb0ELb1EEEEOT_RNSt16remove_referenceIS6_E4typeE
FNA:4,0,_ZSt7forwardINSt8__detail12_CharMatcherINSt7__cxx1112regex_traitsIcEELb1ELb0EEEEOT_RNSt16remove_referenceIS6_E4typeE
FNA:4,0,_ZSt7forwardINSt8__detail12_CharMatcherINSt7__cxx1112regex_traitsIcEELb1ELb1EEEEOT_RNSt16remove_referenceIS6_E4typeE
FNA:4,0,_ZSt7forwardINSt8__detail15_BracketMatcherINSt7__cxx1112regex_traitsIcEELb0ELb0EEEEOT_RNSt16remove_referenceIS6_E4typeE
FNA:4,0,_ZSt7forwardINSt8__detail15_BracketMatcherINSt7__cxx1112regex_traitsIcEELb0ELb1EEEEOT_RNSt16remove_referenceIS6_E4typeE
FNA:4,0,_ZSt7forwardINSt8__detail15_BracketMatcherINSt7__cxx1112regex_traitsIcEELb1ELb0EEEEOT_RNSt16remove_referenceIS6_E4typeE
FNA:4,0,_ZSt7forwardINSt8__detail15_BracketMatcherINSt7__cxx1112regex_traitsIcEELb1ELb1EEEEOT_RNSt16remove_referenceIS6_E4typeE
FNA:4,0,_ZSt7forwardINSt8__detail6_StateIcEEEOT_RNSt16remove_referenceIS3_E4typeE
FNA:4,0,_ZSt7forwardINSt8__detail9_StateSeqINSt7__cxx1112regex_traitsIcEEEEEOT_RNSt16remove_referenceIS6_E4typeE
FNA:4,4,_ZSt7forwardIRKNSt7__cxx1112basic_stringIcSt11char_traitsIcESaIcEEEEOT_RNSt16remove_referenceIS8_E4typeE
FNA:4,0,_ZSt7forwardIRKNSt7__cxx1112regex_traitsIcE10_RegexMaskEEOT_RNSt16remove_referenceIS6_E4typeE
FNA:4,0,_ZSt7forwardIRKNSt7__cxx119sub_matchIN9__gnu_cxx17__normal_iteratorIPcNS0_12basic_stringIcSt11char_traitsIcESaIcEEEEEEEEOT_RNSt16remove_referenceISE_E4typeE
FNA:4,0,_ZSt7forwardIRKNSt8__detail11_AnyMatcherINSt7__cxx1112regex_traitsIcEELb0ELb0ELb0EEEEOT_RNSt16remove_referenceIS8_E4typeE
FNA:4,0,_ZSt7forwardIRKNSt8__detail11_AnyMatcherINSt7__cxx1112regex_traitsIcEELb0ELb0ELb1EEEEOT_RNSt16remove_referenceIS8_E4typeE
FNA:4,0,_ZSt7forwardIRKNSt8__detail11_AnyMatcherINSt7__cxx1112regex_traitsIcEELb0ELb1ELb0EEEEOT_RNSt16remove_referenceIS8_E4typeE
FNA:4,0,_ZSt7forwardIRKNSt8__detail11_AnyMatcherINSt7__cxx1112regex_traitsIcEELb0ELb1ELb1EEEEOT_RNSt16remove_referenceIS8_E4typeE
FNA:4,0,_ZSt7forwardIRKNSt8__detail11_AnyMatcherINSt7__cxx1112regex_traitsIcEELb1ELb0ELb0EEEEOT_RNSt16remove_referenceIS8_E4typeE
FNA:4,0,_ZSt7forwardIRKNSt8__detail11_AnyMatcherINSt7__cxx1112regex_traitsIcEELb1ELb0ELb1EEEEOT_RNSt16remove_referenceIS8_E4typeE
FNA:4,0,_ZSt7forwardIRKNSt8__detail11_AnyMatcherINSt7__cxx1112regex_traitsIcEELb1ELb1ELb0EEEEOT_RNSt16remove_referenceIS8_E4typeE
FNA:4,0,_ZSt7forwardIRKNSt8__detail11_AnyMatcherINSt7__cxx1112regex_traitsIcEELb1ELb1ELb1EEEEOT_RNSt16remove_referenceIS8_E4typeE
FNA:4,0,_ZSt7forwardIRKNSt8__detail12_CharMatcherINSt7__cxx1112regex_traitsIcEELb0ELb0EEEEOT_RNSt16remove_referenceIS8_E4typeE
FNA:4,0,_ZSt7forwardIRKNSt8__detail12_CharMatcherINSt7__cxx1112regex_traitsIcEELb0ELb1EEEEOT_RNSt16remove_referenceIS8_E4typeE
FNA:4,0,_ZSt7forwardIRKNSt8__detail12_CharMatcherINSt7__cxx1112regex_traitsIcEELb1ELb0EEEEOT_RNSt16remove_referenceIS8_E4typeE
FNA:4,0,_ZSt7forwardIRKNSt8__detail12_CharMatcherINSt7__cxx1112regex_traitsIcEELb1ELb1EEEEOT_RNSt16remove_referenceIS8_E4typeE
FNA:4,0,_ZSt7forwardIRKNSt8__detail15_BracketMatcherINSt7__cxx1112regex_traitsIcEELb0ELb0EEEEOT_RNSt16remove_referenceIS8_E4typeE
FNA:4,0,_ZSt7forwardIRKNSt8__detail15_BracketMatcherINSt7__cxx1112regex_traitsIcEELb0ELb1EEEEOT_RNSt16remove_referenceIS8_E4typeE
FNA:4,0,_ZSt7forwardIRKNSt8__detail15_BracketMatcherINSt7__cxx1112regex_traitsIcEELb1ELb0EEEEOT_RNSt16remove_referenceIS8_E4typeE
FNA:4,0,_ZSt7forwardIRKNSt8__detail15_BracketMatcherINSt7__cxx1112regex_traitsIcEELb1ELb1EEEEOT_RNSt16remove_referenceIS8_E4typeE
FNA:4,0,_ZSt7forwardIRKNSt8__detail9_StateSeqINSt7__cxx1112regex_traitsIcEEEEEOT_RNSt16remove_referenceIS8_E4typeE
FNA:4,0,_ZSt7forwardIRKSt21piecewise_construct_tEOT_RNSt16remove_referenceIS3_E4typeE
FNA:4,0,_ZSt7forwardIRKSt4pairIKNSt7__cxx1112basic_stringIcSt11char_traitsIcESaIcEEENS1_4listIS6_SaIS6_EEEEEOT_RNSt16remove_referenceISE_E4typeE
FNA:4,0,_ZSt7forwardIRKSt4pairIKNSt7__cxx1112basic_stringIcSt11char_traitsIcESaIcEEEbEEOT_RNSt16remove_referenceISB_E4typeE
FNA:4,0,_ZSt7forwardIRKSt4pairINSt7__cxx1112basic_stringIcSt11char_traitsIcESaIcEEES6_EEOT_RNSt16remove_referenceISA_E4typeE
FNA:4,0,_ZSt7forwardIRKSt4pairIccEEOT_RNSt16remove_referenceIS4_E4typeE
FNA:4,0,_ZSt7forwardIRKSt6localeEOT_RNSt16remove_referenceIS3_E4typeE
FNA:4,0,_ZSt7forwardIRKSt6vectorINSt7__cxx119sub_matchIN9__gnu_cxx17__normal_iteratorIPcNS1_12basic_stringIcSt11char_traitsIcESaIcEEEEEEESaISC_EEEOT_RNSt16remove_referenceISH_E4typeE
FNA:4,0,_ZSt7forwardIRKcEOT_RNSt16remove_referenceIS2_E4typeE
FNA:4,0,_ZSt7forwardIRKlEOT_RNSt16remove_referenceIS2_E4typeE
FNA:4,0,_ZSt7forwardIRKmEOT_RNSt16remove_referenceIS2_E4typeE
FNA:4,0,_ZSt7forwardIRNSt15regex_constants18syntax_option_typeEEOT_RNSt16remove_referenceIS3_E4typeE
FNA:4,0,_ZSt7forwardIRNSt7__cxx119sub_matchIN9__gnu_cxx17__normal_iteratorIPcNS0_12basic_stringIcSt11char_traitsIcESaIcEEEEEEEEOT_RNSt16remove_referenceISD_E4typeE
FNA:4,0,_ZSt7forwardIRNSt8__detail11_AnyMatcherINSt7__cxx1112regex_traitsIcEELb0ELb0ELb0EEEEOT_RNSt16remove_referenceIS7_E4typeE
FNA:4,0,_ZSt7forwardIRNSt8__detail11_AnyMatcherINSt7__cxx1112regex_traitsIcEELb0ELb0ELb1EEEEOT_RNSt16remove_referenceIS7_E4typeE
FNA:4,0,_ZSt7forwardIRNSt8__detail11_AnyMatcherINSt7__cxx1112regex_traitsIcEELb0ELb1ELb0EEEEOT_RNSt16remove_referenceIS7_E4typeE
FNA:4,0,_ZSt7forwardIRNSt8__detail11_AnyMatcherINSt7__cxx1112regex_traitsIcEELb0ELb1ELb1EEEEOT_RNSt16remove_referenceIS7_E4typeE
FNA:4,0,_ZSt7forwardIRNSt8__detail11_AnyMatcherINSt7__cxx1112regex_traitsIcEELb1ELb0ELb0EEEEOT_RNSt16remove_referenceIS7_E4typeE
[...]
DA:1920,0
DA:1922,0
DA:1926,19
DA:1931,19
DA:1933,19
DA:1934,19
DA:1943,0
DA:1945,0
DA:1947,0
DA:1948,0
DA:1949,0
DA:1952,0
DA:1969,0
DA:1971,0
DA:1972,0
DA:1973,0
DA:1974,0
DA:1975,0
DA:2000,0
DA:2001,0
LF:198
LH:49
end_of_record
TN:
SF:/opt/local/include/gcc14/c++/bits/unique_ptr.h
FNL:0,191,191
FNA:0,0,_ZNSt15__uniq_ptr_implINSt7__cxx1112basic_stringIcSt11char_traitsIcESaIcEEESt14default_deleteIS5_EE6_M_ptrEv
FNA:0,90,_ZNSt15__uniq_ptr_implINSt7__cxx1118basic_stringstreamIcSt11char_traitsIcESaIcEEESt14default_deleteIS5_EE6_M_ptrEv
FNL:1,193,193
FNA:1,0,_ZNKSt15__uniq_ptr_implINSt7__cxx1112basic_stringIcSt11char_traitsIcESaIcEEESt14default_deleteIS5_EE6_M_ptrEv
FNL:2,195,195
FNA:2,0,_ZNSt15__uniq_ptr_implINSt7__cxx1112basic_stringIcSt11char_traitsIcESaIcEEESt14default_deleteIS5_EE10_M_deleterEv
FNA:2,90,_ZNSt15__uniq_ptr_implINSt7__cxx1118basic_stringstreamIcSt11char_traitsIcESaIcEEESt14default_deleteIS5_EE10_M_deleterEv
FNL:3,392,400
FNA:3,0,_ZNSt10unique_ptrINSt7__cxx1112basic_stringIcSt11char_traitsIcESaIcEEESt14default_deleteIS5_EED1Ev
FNA:3,0,_ZNSt10unique_ptrINSt7__cxx1118basic_stringstreamIcSt11char_traitsIcESaIcEEESt14default_deleteIS5_EED1Ev
FNL:4,454,458
FNA:4,0,_ZNKSt10unique_ptrINSt7__cxx1112basic_stringIcSt11char_traitsIcESaIcEEESt14default_deleteIS5_EEptEv
FNL:5,463,464
FNA:5,0,_ZNKSt10unique_ptrINSt7__cxx1112basic_stringIcSt11char_traitsIcESaIcEEESt14default_deleteIS5_EE3getEv
FNL:6,469,470
FNA:6,0,_ZNSt10unique_ptrINSt7__cxx1112basic_stringIcSt11char_traitsIcESaIcEEESt14default_deleteIS5_EE11get_deleterEv
FNA:6,90,_ZNSt10unique_ptrINSt7__cxx1118basic_stringstreamIcSt11char_traitsIcESaIcEEESt14default_deleteIS5_EE11get_deleterEv
FNL:7,87,94
FNA:7,0,_ZNKSt14default_deleteINSt7__cxx1112basic_stringIcSt11char_traitsIcESaIcEEEEclEPS5_
FNA:7,90,_ZNKSt14default_deleteINSt7__cxx1118basic_stringstreamIcSt11char_traitsIcESaIcEEEEclEPS5_
FNF:8
FNH:4
DA:87,90
DA:93,90
DA:94,90
DA:191,90
DA:193,0
DA:195,90
DA:392,0
DA:396,0
DA:397,0
DA:398,0
DA:399,0
DA:400,0
DA:454,0
DA:457,0
DA:463,0
DA:464,0
DA:469,90
DA:470,90
LF:18
LH:7
end_of_record
TN:
SF:/opt/local/include/gcc14/c++/bits/unordered_map.h
FNL:0,148,148
FNA:0,0,_ZNSt13unordered_mapINSt7__cxx1112basic_stringIcSt11char_traitsIcESaIcEEENS0_4listIS5_SaIS5_EEESt4hashIS5_ESt8equal_toIS5_ESaISt4pairIKS5_S8_EEEC1Ev
FNA:0,0,_ZNSt13unordered_mapINSt7__cxx1112basic_stringIcSt11char_traitsIcESaIcEEEbSt4hashIS5_ESt8equal_toIS5_ESaISt4pairIKS5_bEEEC1Ev
FNL:1,188,188
FNA:1,0,_ZNSt13unordered_mapINSt7__cxx1112basic_stringIcSt11char_traitsIcESaIcEEENS0_4listIS5_SaIS5_EEESt4hashIS5_ESt8equal_toIS5_ESaISt4pairIKS5_S8_EEEC1ERKSH_
FNL:2,317,318
FNA:2,0,_ZNKSt13unordered_mapINSt7__cxx1112basic_stringIcSt11char_traitsIcESaIcEEENS0_4listIS5_SaIS5_EEESt4hashIS5_ESt8equal_toIS5_ESaISt4pairIKS5_S8_EEE4sizeEv
FNA:2,0,_ZNKSt13unordered_mapINSt7__cxx1112basic_stringIcSt11char_traitsIcESaIcEEEbSt4hashIS5_ESt8equal_toIS5_ESaISt4pairIKS5_bEEE4sizeEv
FNL:3,332,333
FNA:3,0,_ZNSt13unordered_mapINSt7__cxx1112basic_stringIcSt11char_traitsIcESaIcEEENS0_4listIS5_SaIS5_EEESt4hashIS5_ESt8equal_toIS5_ESaISt4pairIKS5_S8_EEE5beginEv
FNA:3,0,_ZNSt13unordered_mapINSt7__cxx1112basic_stringIcSt11char_traitsIcESaIcEEEbSt4hashIS5_ESt8equal_toIS5_ESaISt4pairIKS5_bEEE5beginEv
FNL:4,354,355
FNA:4,0,_ZNSt13unordered_mapINSt7__cxx1112basic_stringIcSt11char_traitsIcESaIcEEENS0_4listIS5_SaIS5_EEESt4hashIS5_ESt8equal_toIS5_ESaISt4pairIKS5_S8_EEE3endEv
FNA:4,0,_ZNSt13unordered_mapINSt7__cxx1112basic_stringIcSt11char_traitsIcESaIcEEEbSt4hashIS5_ESt8equal_toIS5_ESaISt4pairIKS5_bEEE3endEv
FNL:5,876,877
FNA:5,0,_ZNSt13unordered_mapINSt7__cxx1112basic_stringIcSt11char_traitsIcESaIcEEENS0_4listIS5_SaIS5_EEESt4hashIS5_ESt8equal_toIS5_ESaISt4pairIKS5_S8_EEE4findERSE_
FNL:6,987,988
FNA:6,0,_ZNSt13unordered_mapINSt7__cxx1112basic_stringIcSt11char_traitsIcESaIcEEENS0_4listIS5_SaIS5_EEESt4hashIS5_ESt8equal_toIS5_ESaISt4pairIKS5_S8_EEEixERSE_
FNA:6,0,_ZNSt13unordered_mapINSt7__cxx1112basic_stringIcSt11char_traitsIcESaIcEEEbSt4hashIS5_ESt8equal_toIS5_ESaISt4pairIKS5_bEEEixERSB_
FNF:7
FNH:0
DA:148,0
DA:188,0
DA:317,0
DA:318,0
DA:332,0
DA:333,0
DA:354,0
DA:355,0
DA:876,0
DA:877,0
DA:987,0
DA:988,0
LF:12
LH:0
end_of_record
TN:
SF:/opt/local/include/gcc14/c++/bits/vector.tcc
FNL:0,111,127
FNA:0,0,_ZNSt6vectorINSt8__detail6_StateIcEESaIS2_EE12emplace_backIJS2_EEERS2_DpOT_
FNA:0,0,_ZNSt6vectorISt4pairINSt7__cxx1112basic_stringIcSt11char_traitsIcESaIcEEES6_ESaIS7_EE12emplace_backIJS7_EEERS7_DpOT_
FNA:0,0,_ZNSt6vectorISt4pairIccESaIS1_EE12emplace_backIJS1_EEERS1_DpOT_
FNA:0,0,_ZNSt6vectorISt4pairIlS_INSt7__cxx119sub_matchIN9__gnu_cxx17__normal_iteratorIPcNS1_12basic_stringIcSt11char_traitsIcESaIcEEEEEEESaISC_EEESaISF_EE12emplace_backIJRlRKSE_EEERSF_DpOT_
FNA:0,0,_ZNSt6vectorIcSaIcEE12emplace_backIJcEEERcDpOT_
FNL:1,195,205
FNA:1,0,_ZNSt6vectorIcSaIcEE8_M_eraseEN9__gnu_cxx17__normal_iteratorIPcS1_EES5_
FNL:2,210,265
FNA:2,0,_ZNSt6vectorINSt7__cxx119sub_matchIN9__gnu_cxx17__normal_iteratorIPcNS0_12basic_stringIcSt11char_traitsIcESaIcEEEEEEESaISB_EEaSERKSD_
FNL:3,270,293
FNA:3,0,_ZNSt6vectorINSt7__cxx119sub_matchIN9__gnu_cxx17__normal_iteratorIPcNS0_12basic_stringIcSt11char_traitsIcESaIcEEEEEEESaISB_EE14_M_fill_assignEmRKSB_
FNL:4,581,695
FNA:4,0,_ZNSt6vectorINSt7__cxx1112basic_stringIcSt11char_traitsIcESaIcEEESaIS5_EE17_M_realloc_appendIJRKS5_EEEvDpOT_
FNA:4,0,_ZNSt6vectorINSt7__cxx1112regex_traitsIcE10_RegexMaskESaIS3_EE17_M_realloc_appendIJRKS3_EEEvDpOT_
FNA:4,0,_ZNSt6vectorINSt8__detail6_StateIcEESaIS2_EE17_M_realloc_appendIJS2_EEEvDpOT_
FNA:4,0,_ZNSt6vectorISt4pairINSt7__cxx1112basic_stringIcSt11char_traitsIcESaIcEEES6_ESaIS7_EE17_M_realloc_appendIJS7_EEEvDpOT_
FNA:4,0,_ZNSt6vectorISt4pairIccESaIS1_EE17_M_realloc_appendIJS1_EEEvDpOT_
FNA:4,0,_ZNSt6vectorISt4pairIlS_INSt7__cxx119sub_matchIN9__gnu_cxx17__normal_iteratorIPcNS1_12basic_stringIcSt11char_traitsIcESaIcEEEEEEESaISC_EEESaISF_EE17_M_realloc_appendIJRlRKSE_EEEvDpOT_
FNA:4,0,_ZNSt6vectorIcSaIcEE17_M_realloc_appendIJcEEEvDpOT_
FNA:4,0,_ZNSt6vectorImSaImEE17_M_realloc_appendIJRKmEEEvDpOT_
FNL:5,607,609
FNA:5,0,_ZZNSt6vectorINSt7__cxx1112basic_stringIcSt11char_traitsIcESaIcEEESaIS5_EE17_M_realloc_appendIJRKS5_EEEvDpOT_EN6_GuardC1EPS5_mRS6_
FNA:5,0,_ZZNSt6vectorINSt7__cxx1112regex_traitsIcE10_RegexMaskESaIS3_EE17_M_realloc_appendIJRKS3_EEEvDpOT_EN6_GuardC1EPS3_mRS4_
FNA:5,0,_ZZNSt6vectorINSt8__detail6_StateIcEESaIS2_EE17_M_realloc_appendIJS2_EEEvDpOT_EN6_GuardC1EPS2_mRS3_
FNA:5,0,_ZZNSt6vectorISt4pairINSt7__cxx1112basic_stringIcSt11char_traitsIcESaIcEEES6_ESaIS7_EE17_M_realloc_appendIJS7_EEEvDpOT_EN6_GuardC1EPS7_mRS8_
FNA:5,0,_ZZNSt6vectorISt4pairIccESaIS1_EE17_M_realloc_appendIJS1_EEEvDpOT_EN6_GuardC1EPS1_mRS2_
FNA:5,0,_ZZNSt6vectorISt4pairIlS_INSt7__cxx119sub_matchIN9__gnu_cxx17__normal_iteratorIPcNS1_12basic_stringIcSt11char_traitsIcESaIcEEEEEEESaISC_EEESaISF_EE17_M_realloc_appendIJRlRKSE_EEEvDpOT_EN6_GuardC1EPSF_mRSG_
FNA:5,0,_ZZNSt6vectorIcSaIcEE17_M_realloc_appendIJcEEEvDpOT_EN6_GuardC1EPcmRS0_
FNA:5,0,_ZZNSt6vectorImSaImEE17_M_realloc_appendIJRKmEEEvDpOT_EN6_GuardC1EPmmRS0_
FNL:6,612,617
FNA:6,0,_ZZNSt6vectorINSt7__cxx1112basic_stringIcSt11char_traitsIcESaIcEEESaIS5_EE17_M_realloc_appendIJRKS5_EEEvDpOT_EN6_GuardD1Ev
FNA:6,0,_ZZNSt6vectorINSt7__cxx1112regex_traitsIcE10_RegexMaskESaIS3_EE17_M_realloc_appendIJRKS3_EEEvDpOT_EN6_GuardD1Ev
FNA:6,0,_ZZNSt6vectorINSt8__detail6_StateIcEESaIS2_EE17_M_realloc_appendIJS2_EEEvDpOT_EN6_GuardD1Ev
FNA:6,0,_ZZNSt6vectorISt4pairINSt7__cxx1112basic_stringIcSt11char_traitsIcESaIcEEES6_ESaIS7_EE17_M_realloc_appendIJS7_EEEvDpOT_EN6_GuardD1Ev
FNA:6,0,_ZZNSt6vectorISt4pairIccESaIS1_EE17_M_realloc_appendIJS1_EEEvDpOT_EN6_GuardD1Ev
FNA:6,0,_ZZNSt6vectorISt4pairIlS_INSt7__cxx119sub_matchIN9__gnu_cxx17__normal_iteratorIPcNS1_12basic_stringIcSt11char_traitsIcESaIcEEEEEEESaISC_EEESaISF_EE17_M_realloc_appendIJRlRKSE_EEEvDpOT_EN6_GuardD1Ev
FNA:6,0,_ZZNSt6vectorIcSaIcEE17_M_realloc_appendIJcEEEvDpOT_EN6_GuardD1Ev
FNA:6,0,_ZZNSt6vectorImSaImEE17_M_realloc_appendIJRKmEEEvDpOT_EN6_GuardD1Ev
FNF:7
FNH:0
DA:111,0
DA:114,0
DA:117,0
DA:119,0
DA:123,0
DA:125,0
DA:195,0
DA:198,0
DA:200,0
DA:201,0
DA:202,0
DA:204,0
DA:210,0
DA:213,0
DA:217,0
DA:219,0
DA:220,0
DA:223,0
DA:224,0
DA:225,0
DA:226,0
DA:227,0
DA:228,0
DA:229,0
DA:231,0
DA:232,0
DA:235,0
DA:236,0
DA:238,0
DA:240,0
DA:241,0
DA:242,0
DA:243,0
DA:244,0
DA:245,0
DA:246,0
DA:248,0
DA:250,0
DA:251,0
DA:255,0
DA:257,0
DA:258,0
DA:260,0
DA:262,0
DA:264,0
DA:270,0
DA:273,0
DA:274,0
DA:276,0
DA:277,0
DA:278,0
DA:279,0
DA:280,0
DA:281,0
DA:283,0
DA:284,0
DA:286,0
DA:287,0
DA:288,0
DA:292,0
DA:293,0
DA:581,0
DA:590,0
DA:591,0
DA:592,0
DA:593,0
DA:594,0
DA:595,0
DA:596,0
DA:597,0
DA:607,0
DA:608,0
DA:609,0
DA:612,0
DA:614,0
DA:616,0
DA:617,0
DA:624,0
DA:634,0
DA:635,0
DA:647,0
DA:648,0
DA:649,0
DA:686,0
DA:687,0
DA:688,0
DA:692,0
DA:693,0
DA:694,0
DA:695,0
LF:90
LH:0
end_of_record
TN:
SF:/opt/local/include/gcc14/c++/bitset
FNL:0,106,107
FNA:0,0,_ZNSt12_Base_bitsetILm4EE12_S_whichwordEm
FNL:1,114,115
FNA:1,0,_ZNSt12_Base_bitsetILm4EE11_S_whichbitEm
FNL:2,1146,1148
FNA:2,0,_ZNKSt6bitsetILm256EE15_Unchecked_testEm
FNL:3,118,119
FNA:3,0,_ZNSt12_Base_bitsetILm4EE10_S_maskbitEm
FNL:4,122,123
FNA:4,0,_ZNSt12_Base_bitsetILm4EE10_M_getwordEm
FNL:5,1252,1253
FNA:5,0,_ZNSt6bitsetILm256EEixEm
FNL:6,1256,1257
FNA:6,0,_ZNKSt6bitsetILm256EEixEm
FNL:7,126,127
FNA:7,0,_ZNKSt12_Base_bitsetILm4EE10_M_getwordEm
FNL:8,1371,1372
FNA:8,0,_ZNKSt6bitsetILm256EE4sizeEv
FNL:9,872,876
FNA:9,0,_ZNSt6bitsetILm256EE9referenceC1ERS0_m
FNL:10,885,886
FNA:10,0,_ZNSt6bitsetILm256EE9referenceD1Ev
FNL:11,89,90
FNA:11,0,_ZNSt12_Base_bitsetILm4EEC2Ev
FNL:12,891,898
FNA:12,0,_ZNSt6bitsetILm256EE9referenceaSEb
FNL:13,936,937
FNA:13,0,_ZNSt6bitsetILm256EEC1Ev
FNF:14
FNH:0
DA:89,0
DA:90,0
DA:106,0
DA:107,0
DA:114,0
DA:115,0
DA:118,0
DA:119,0
DA:122,0
DA:123,0
DA:126,0
DA:127,0
DA:872,0
DA:874,0
DA:875,0
DA:876,0
DA:885,0
DA:886,0
DA:891,0
DA:893,0
DA:894,0
DA:896,0
DA:897,0
DA:936,0
DA:937,0
DA:1146,0
DA:1147,0
DA:1148,0
DA:1252,0
DA:1253,0
DA:1256,0
DA:1257,0
DA:1371,0
DA:1372,0
LF:34
LH:0
end_of_record
TN:
SF:/opt/local/include/gcc14/c++/ext/aligned_buffer.h
FNL:0,104,107
FNA:0,0,_ZN9__gnu_cxx16__aligned_bufferINSt8__detail4_NFAINSt7__cxx1112regex_traitsIcEEEEE7_M_addrEv
FNA:0,0,_ZN9__gnu_cxx16__aligned_bufferISt4pairIKNSt7__cxx1112basic_stringIcSt11char_traitsIcESaIcEEENS2_4listIS7_SaIS7_EEEEE7_M_addrEv
FNA:0,0,_ZN9__gnu_cxx16__aligned_bufferISt4pairIKNSt7__cxx1112basic_stringIcSt11char_traitsIcESaIcEEEbEE7_M_addrEv
FNL:1,110,113
FNA:1,0,_ZNK9__gnu_cxx16__aligned_bufferISt4pairIKNSt7__cxx1112basic_stringIcSt11char_traitsIcESaIcEEENS2_4listIS7_SaIS7_EEEEE7_M_addrEv
FNA:1,0,_ZNK9__gnu_cxx16__aligned_bufferISt4pairIKNSt7__cxx1112basic_stringIcSt11char_traitsIcESaIcEEEbEE7_M_addrEv
FNL:2,116,117
FNA:2,0,_ZN9__gnu_cxx16__aligned_bufferINSt8__detail4_NFAINSt7__cxx1112regex_traitsIcEEEEE6_M_ptrEv
FNA:2,0,_ZN9__gnu_cxx16__aligned_bufferISt4pairIKNSt7__cxx1112basic_stringIcSt11char_traitsIcESaIcEEENS2_4listIS7_SaIS7_EEEEE6_M_ptrEv
FNA:2,0,_ZN9__gnu_cxx16__aligned_bufferISt4pairIKNSt7__cxx1112basic_stringIcSt11char_traitsIcESaIcEEEbEE6_M_ptrEv
FNL:3,120,121
FNA:3,0,_ZNK9__gnu_cxx16__aligned_bufferISt4pairIKNSt7__cxx1112basic_stringIcSt11char_traitsIcESaIcEEENS2_4listIS7_SaIS7_EEEEE6_M_ptrEv
FNA:3,0,_ZNK9__gnu_cxx16__aligned_bufferISt4pairIKNSt7__cxx1112basic_stringIcSt11char_traitsIcESaIcEEEbEE6_M_ptrEv
FNL:4,64,65
FNA:4,0,_ZN9__gnu_cxx16__aligned_membufINSt7__cxx1112basic_stringIcSt11char_traitsIcESaIcEEEE7_M_addrEv
FNA:4,0,_ZN9__gnu_cxx16__aligned_membufISt4pairIKllEE7_M_addrEv
FNA:4,0,_ZN9__gnu_cxx16__aligned_membufISt8functionIFbcEEE7_M_addrEv
FNA:4,0,_ZN9__gnu_cxx16__aligned_membufIcE7_M_addrEv
FNL:5,68,69
FNA:5,0,_ZNK9__gnu_cxx16__aligned_membufINSt7__cxx1112basic_stringIcSt11char_traitsIcESaIcEEEE7_M_addrEv
FNA:5,0,_ZNK9__gnu_cxx16__aligned_membufISt4pairIKllEE7_M_addrEv
FNA:5,0,_ZNK9__gnu_cxx16__aligned_membufISt8functionIFbcEEE7_M_addrEv
FNL:6,72,73
FNA:6,0,_ZN9__gnu_cxx16__aligned_membufINSt7__cxx1112basic_stringIcSt11char_traitsIcESaIcEEEE6_M_ptrEv
FNA:6,0,_ZN9__gnu_cxx16__aligned_membufISt4pairIKllEE6_M_ptrEv
FNA:6,0,_ZN9__gnu_cxx16__aligned_membufIcE6_M_ptrEv
FNL:7,76,77
FNA:7,0,_ZNK9__gnu_cxx16__aligned_membufINSt7__cxx1112basic_stringIcSt11char_traitsIcESaIcEEEE6_M_ptrEv
FNA:7,0,_ZNK9__gnu_cxx16__aligned_membufISt4pairIKllEE6_M_ptrEv
FNF:8
FNH:0
DA:64,0
DA:65,0
DA:68,0
DA:69,0
DA:72,0
DA:73,0
DA:76,0
DA:77,0
DA:104,0
DA:106,0
DA:110,0
DA:112,0
DA:116,0
DA:117,0
DA:120,0
DA:121,0
LF:16
LH:0
end_of_record
TN:
SF:/opt/local/include/gcc14/c++/ext/alloc_traits.h
FNF:0
FNH:0
DA:98,4
DA:106,0
DA:118,0
LF:3
LH:1
end_of_record
TN:
SF:/opt/local/include/gcc14/c++/ext/atomicity.h
FNF:0
FNH:0
DA:54,0
DA:66,0
DA:84,0
DA:85,0
DA:86,0
DA:98,0
DA:99,0
DA:101,0
LF:8
LH:0
end_of_record
TN:
SF:/opt/local/include/gcc14/c++/initializer_list
FNL:0,69,69
FNA:0,0,_ZNKSt16initializer_listINSt7__cxx1112basic_stringIcSt11char_traitsIcESaIcEEEE4sizeEv
FNL:1,73,73
FNA:1,0,_ZNKSt16initializer_listINSt7__cxx1112basic_stringIcSt11char_traitsIcESaIcEEEE5beginEv
FNL:2,77,77
FNA:2,0,_ZNKSt16initializer_listINSt7__cxx1112basic_stringIcSt11char_traitsIcESaIcEEEE3endEv
FNF:3
FNH:0
DA:69,0
DA:73,0
DA:77,0
LF:3
LH:0
end_of_record
TN:
SF:/opt/local/include/gcc14/c++/iostream
FNF:0
FNH:0
LF:0
LH:0
end_of_record
TN:
SF:/opt/local/include/gcc14/c++/new
FNL:0,179,180
FNA:0,46,_ZnwmPv
FNL:1,185,185
FNA:1,0,_ZdlPvS_
FNF:2
FNH:1
DA:179,46
DA:180,46
DA:185,0
LF:3
LH:2
end_of_record
TN:
SF:/opt/local/include/gcc14/c++/tuple
FNL:0,133,133
FNA:0,0,_ZNSt10_Head_baseILm1ESt14default_deleteINSt7__cxx1112basic_stringIcSt11char_traitsIcESaIcEEEELb1EE7_M_headERS8_
FNA:0,90,_ZNSt10_Head_baseILm1ESt14default_deleteINSt7__cxx1118basic_stringstreamIcSt11char_traitsIcESaIcEEEELb1EE7_M_headERS8_
FNL:1,1472,1474
FNA:1,0,_ZNSt5tupleIJRKNSt7__cxx1112basic_stringIcSt11char_traitsIcESaIcEEEEEC1ILb1ELb1EEES7_
FNA:1,0,_ZNSt5tupleIJRKlEEC1ILb1ELb1EEES1_
FNL:2,1503,1503
FNA:2,0,_ZNSt5tupleIJRKNSt7__cxx1112basic_stringIcSt11char_traitsIcESaIcEEEEEC1EOS8_
FNA:2,0,_ZNSt5tupleIJRKlEEC1EOS2_
FNL:3,201,202
FNA:3,0,_ZNSt10_Head_baseILm0ERKNSt7__cxx1112basic_stringIcSt11char_traitsIcESaIcEEELb0EEC2ES7_
FNA:3,0,_ZNSt10_Head_baseILm0ERKlLb0EEC2ES1_
FNL:4,242,242
FNA:4,0,_ZNSt10_Head_baseILm0EPNSt7__cxx1112basic_stringIcSt11char_traitsIcESaIcEEELb0EE7_M_headERS7_
FNA:4,180,_ZNSt10_Head_baseILm0EPNSt7__cxx1118basic_stringstreamIcSt11char_traitsIcESaIcEEELb0EE7_M_headERS7_
FNA:4,0,_ZNSt10_Head_baseILm0ERKNSt7__cxx1112basic_stringIcSt11char_traitsIcESaIcEEELb0EE7_M_headERS8_
FNA:4,0,_ZNSt10_Head_baseILm0ERKlLb0EE7_M_headERS2_
FNL:5,2427,2428
FNA:5,0,_ZSt12__get_helperILm0EPNSt7__cxx1112basic_stringIcSt11char_traitsIcESaIcEEEJSt14default_deleteIS5_EEERT0_RSt11_Tuple_implIXT_EJS9_DpT1_EE
FNA:5,180,_ZSt12__get_helperILm0EPNSt7__cxx1118basic_stringstreamIcSt11char_traitsIcESaIcEEEJSt14default_deleteIS5_EEERT0_RSt11_Tuple_implIXT_EJS9_DpT1_EE
FNA:5,0,_ZSt12__get_helperILm0ERKNSt7__cxx1112basic_stringIcSt11char_traitsIcESaIcEEEJEERT0_RSt11_Tuple_implIXT_EJS8_DpT1_EE
FNA:5,0,_ZSt12__get_helperILm0ERKlJEERT0_RSt11_Tuple_implIXT_EJS2_DpT1_EE
FNA:5,0,_ZSt12__get_helperILm1ESt14default_deleteINSt7__cxx1112basic_stringIcSt11char_traitsIcESaIcEEEEJEERT0_RSt11_Tuple_implIXT_EJS8_DpT1_EE
FNA:5,0,_ZSt12__get_helperILm1ESt14default_deleteINSt7__cxx1118basic_stringstreamIcSt11char_traitsIcESaIcEEEEJEERT0_RSt11_Tuple_implIXT_EJS8_DpT1_EE
FNL:6,2432,2433
FNA:6,0,_ZSt12__get_helperILm0EPNSt7__cxx1112basic_stringIcSt11char_traitsIcESaIcEEEJSt14default_deleteIS5_EEERKT0_RKSt11_Tuple_implIXT_EJS9_DpT1_EE
FNL:7,2443,2444
FNA:7,0,_ZSt3getILm0EJPNSt7__cxx1112basic_stringIcSt11char_traitsIcESaIcEEESt14default_deleteIS5_EEERNSt13tuple_elementIXT_ESt5tupleIJDpT0_EEE4typeERSD_
FNA:7,180,_ZSt3getILm0EJPNSt7__cxx1118basic_stringstreamIcSt11char_traitsIcESaIcEEESt14default_deleteIS5_EEERNSt13tuple_elementIXT_ESt5tupleIJDpT0_EEE4typeERSD_
FNA:7,0,_ZSt3getILm0EJRKNSt7__cxx1112basic_stringIcSt11char_traitsIcESaIcEEEEERNSt13tuple_elementIXT_ESt5tupleIJDpT0_EEE4typeERSC_
FNA:7,0,_ZSt3getILm0EJRKlEERNSt13tuple_elementIXT_ESt5tupleIJDpT0_EEE4typeERS6_
FNA:7,0,_ZSt3getILm1EJPNSt7__cxx1112basic_stringIcSt11char_traitsIcESaIcEEESt14default_deleteIS5_EEERNSt13tuple_elementIXT_ESt5tupleIJDpT0_EEE4typeERSD_
FNA:7,90,_ZSt3getILm1EJPNSt7__cxx1118basic_stringstreamIcSt11char_traitsIcESaIcEEESt14default_deleteIS5_EEERNSt13tuple_elementIXT_ESt5tupleIJDpT0_EEE4typeERSD_
FNL:8,2449,2450
FNA:8,0,_ZSt3getILm0EJPNSt7__cxx1112basic_stringIcSt11char_traitsIcESaIcEEESt14default_deleteIS5_EEERKNSt13tuple_elementIXT_ESt5tupleIJDpT0_EEE4typeERKSD_
FNL:9,245,245
FNA:9,0,_ZNSt10_Head_baseILm0EPNSt7__cxx1112basic_stringIcSt11char_traitsIcESaIcEEELb0EE7_M_headERKS7_
FNL:10,2872,2878
FNA:10,0,_ZNSt4pairIKNSt7__cxx1112basic_stringIcSt11char_traitsIcESaIcEEENS0_4listIS5_SaIS5_EEEEC1IJRS6_EJEEESt21piecewise_construct_tSt5tupleIJDpT_EESE_IJDpT0_EE
FNA:10,0,_ZNSt4pairIKNSt7__cxx1112basic_stringIcSt11char_traitsIcESaIcEEEbEC1IJRS6_EJEEESt21piecewise_construct_tSt5tupleIJDpT_EESB_IJDpT0_EE
FNA:10,0,_ZNSt4pairIKllEC1IJRS0_EJEEESt21piecewise_construct_tSt5tupleIJDpT_EES5_IJDpT0_EE
FNL:11,2884,2889
FNA:11,0,_ZNSt4pairIKNSt7__cxx1112basic_stringIcSt11char_traitsIcESaIcEEENS0_4listIS5_SaIS5_EEEEC1IJRS6_EJLm0EEJEJEEERSt5tupleIJDpT_EERSD_IJDpT1_EESt12_Index_tupleIJXspT0_EEESM_IJXspT2_EEE
FNA:11,0,_ZNSt4pairIKNSt7__cxx1112basic_stringIcSt11char_traitsIcESaIcEEEbEC1IJRS6_EJLm0EEJEJEEERSt5tupleIJDpT_EERSA_IJDpT1_EESt12_Index_tupleIJXspT0_EEESJ_IJXspT2_EEE
FNA:11,0,_ZNSt4pairIKllEC1IJRS0_EJLm0EEJEJEEERSt5tupleIJDpT_EERS4_IJDpT1_EESt12_Index_tupleIJXspT0_EEESD_IJXspT2_EEE
FNL:12,293,293
FNA:12,0,_ZNSt11_Tuple_implILm0EJPNSt7__cxx1112basic_stringIcSt11char_traitsIcESaIcEEESt14default_deleteIS5_EEE7_M_headERS9_
FNA:12,90,_ZNSt11_Tuple_implILm0EJPNSt7__cxx1118basic_stringstreamIcSt11char_traitsIcESaIcEEESt14default_deleteIS5_EEE7_M_headERS9_
FNL:13,296,296
FNA:13,0,_ZNSt11_Tuple_implILm0EJPNSt7__cxx1112basic_stringIcSt11char_traitsIcESaIcEEESt14default_deleteIS5_EEE7_M_headERKS9_
FNL:14,556,556
FNA:14,0,_ZNSt11_Tuple_implILm0EJRKNSt7__cxx1112basic_stringIcSt11char_traitsIcESaIcEEEEE7_M_headERS8_
FNA:14,0,_ZNSt11_Tuple_implILm0EJRKlEE7_M_headERS2_
FNA:14,0,_ZNSt11_Tuple_implILm1EJSt14default_deleteINSt7__cxx1112basic_stringIcSt11char_traitsIcESaIcEEEEEE7_M_headERS8_
FNA:14,90,_ZNSt11_Tuple_implILm1EJSt14default_deleteINSt7__cxx1118basic_stringstreamIcSt11char_traitsIcESaIcEEEEEE7_M_headERS8_
FNL:15,566,568
FNA:15,0,_ZNSt11_Tuple_implILm0EJRKNSt7__cxx1112basic_stringIcSt11char_traitsIcESaIcEEEEEC2ES7_
FNA:15,0,_ZNSt11_Tuple_implILm0EJRKlEEC2ES1_
FNL:16,586,589
FNA:16,0,_ZNSt11_Tuple_implILm0EJRKNSt7__cxx1112basic_stringIcSt11char_traitsIcESaIcEEEEEC2EOS8_
FNA:16,0,_ZNSt11_Tuple_implILm0EJRKlEEC2EOS2_
FNF:17
FNH:6
DA:133,90
DA:201,0
DA:202,0
DA:242,180
DA:245,0
DA:293,90
DA:296,0
DA:556,90
DA:566,0
DA:567,0
DA:568,0
DA:586,0
DA:588,0
DA:589,0
DA:1472,0
DA:1474,0
DA:1503,0
DA:2427,180
DA:2428,180
DA:2432,0
DA:2433,0
DA:2443,270
DA:2444,270
DA:2449,0
DA:2450,0
DA:2872,0
DA:2877,0
DA:2878,0
DA:2884,0
DA:2887,0
DA:2888,0
DA:2889,0
LF:32
LH:8
end_of_record
TN:
SF:/opt/local/include/gcc14/c++/type_traits
FNL:0,92,92
FNA:0,0,_ZNKSt17integral_constantIbLb1EEcvbEv
FNF:1
FNH:0
DA:92,0
LF:1
LH:0
end_of_record
TN:
SF:/opt/local/include/gcc14/c++/typeinfo
FNL:0,102,103
FNA:0,0,_ZNKSt9type_info4nameEv
FNL:1,192,209
FNA:1,0,_ZNKSt9type_infoeqERKS_
FNF:2
FNH:0
DA:102,0
DA:103,0
DA:192,0
DA:194,0
DA:195,0
DA:197,0
DA:198,0
DA:205,0
LF:8
LH:0
end_of_record
TN:
SF:/opt/local/include/gcc14/c++/x86_64-apple-darwin21/bits/c++config.h
FNF:0
FNH:0
DA:550,80
DA:606,0
LF:2
LH:1
end_of_record
TN:
SF:/opt/local/include/gcc14/c++/x86_64-apple-darwin21/bits/ctype_inline.h
FNL:0,42,49
FNA:0,0,_ZNKSt5ctypeIcE2isEmc
FNF:1
FNH:0
DA:42,0
DA:45,0
DA:46,0
DA:48,0
LF:4
LH:0
end_of_record
TN:
SF:/opt/local/include/gcc14/c++/x86_64-apple-darwin21/bits/gthr-default.h
FNL:0,313,316
FNA:0,0,_ZL18__gthread_active_pv
FNF:1
FNH:0
DA:313,0
DA:315,0
LF:2
LH:0
end_of_record
